[INFO] 10:40:00:921 Inst1/(4944:4944): Recibi tamaño de entrada: 20 y cantidad de entradas: 50 correctamente
[INFO] 10:40:00:921 Inst1/(4944:4944): Leo mis archivos previamente guardados si es que tengo
[INFO] 10:40:00:923 Inst1/(4944:4944): No hay nada para reestablecer
[INFO] 10:40:00:923 Inst1/(4944:4944): Envie mi nombre y cant. de entradas libres:50 correctamente
[INFO] 10:40:00:923 Inst1/(4944:4944): Me aceptaron y encolaron en la lista de instancias
[INFO] 10:40:10:929 Inst1/(4944:4948): Comienzo dump....
[INFO] 10:40:10:929 Inst1/(4944:4948): No hay entradas ocupadas para hacer DUMP
[INFO] 10:40:10:929 Inst1/(4944:4948): Finalizo dump....
[INFO] 10:40:20:931 Inst1/(4944:4948): Comienzo dump....
[INFO] 10:40:20:931 Inst1/(4944:4948): No hay entradas ocupadas para hacer DUMP
[INFO] 10:40:20:931 Inst1/(4944:4948): Finalizo dump....
[INFO] 10:40:30:932 Inst1/(4944:4948): Comienzo dump....
[INFO] 10:40:30:932 Inst1/(4944:4948): No hay entradas ocupadas para hacer DUMP
[INFO] 10:40:30:932 Inst1/(4944:4948): Finalizo dump....
[INFO] 10:40:40:933 Inst1/(4944:4948): Comienzo dump....
[INFO] 10:40:40:934 Inst1/(4944:4948): No hay entradas ocupadas para hacer DUMP
[INFO] 10:40:40:934 Inst1/(4944:4948): Finalizo dump....
[INFO] 10:40:47:61 Inst1/(4944:4944): Recibi para hacer SET clave: e3:sony:juegos valor: TLOU2
[INFO] 10:40:47:61 Inst1/(4944:4944): El valor de la clave recibida ocuparia 1 entradas
[INFO] 10:40:47:61 Inst1/(4944:4944): Cargo en mi tabla la entrada:0 clave:e3:sony:juegos tamaño del valor:6
[INFO] 10:40:47:61 Inst1/(4944:4944): Actualizo en mi diccionario la entrada:0-ocupada-cant operaciones:0-tamaño libre de la entrada:14
[INFO] 10:40:47:61 Inst1/(4944:4944): [STORAGE[0] = TLOU2]
[INFO] 10:40:47:61 Inst1/(4944:4944): [STORAGE[1] = ]
[INFO] 10:40:47:61 Inst1/(4944:4944): [STORAGE[2] = ]
[INFO] 10:40:47:61 Inst1/(4944:4944): [STORAGE[3] = ]
[INFO] 10:40:47:61 Inst1/(4944:4944): [STORAGE[4] = ]
[INFO] 10:40:47:61 Inst1/(4944:4944): [STORAGE[5] = ]
[INFO] 10:40:47:61 Inst1/(4944:4944): [STORAGE[6] = ]
[INFO] 10:40:47:61 Inst1/(4944:4944): [STORAGE[7] = ]
[INFO] 10:40:47:61 Inst1/(4944:4944): [STORAGE[8] = ]
[INFO] 10:40:47:61 Inst1/(4944:4944): [STORAGE[9] = ]
[INFO] 10:40:47:61 Inst1/(4944:4944): [STORAGE[10] = ]
[INFO] 10:40:47:61 Inst1/(4944:4944): [STORAGE[11] = ]
[INFO] 10:40:47:61 Inst1/(4944:4944): [STORAGE[12] = ]
[INFO] 10:40:47:61 Inst1/(4944:4944): [STORAGE[13] = ]
[INFO] 10:40:47:61 Inst1/(4944:4944): [STORAGE[14] = ]
[INFO] 10:40:47:61 Inst1/(4944:4944): [STORAGE[15] = ]
[INFO] 10:40:47:61 Inst1/(4944:4944): [STORAGE[16] = ]
[INFO] 10:40:47:61 Inst1/(4944:4944): [STORAGE[17] = ]
[INFO] 10:40:47:61 Inst1/(4944:4944): [STORAGE[18] = ]
[INFO] 10:40:47:61 Inst1/(4944:4944): [STORAGE[19] = ]
[INFO] 10:40:47:61 Inst1/(4944:4944): [STORAGE[20] = ]
[INFO] 10:40:47:61 Inst1/(4944:4944): [STORAGE[21] = ]
[INFO] 10:40:47:61 Inst1/(4944:4944): [STORAGE[22] = ]
[INFO] 10:40:47:61 Inst1/(4944:4944): [STORAGE[23] = ]
[INFO] 10:40:47:61 Inst1/(4944:4944): [STORAGE[24] = ]
[INFO] 10:40:47:61 Inst1/(4944:4944): [STORAGE[25] = ]
[INFO] 10:40:47:61 Inst1/(4944:4944): [STORAGE[26] = ]
[INFO] 10:40:47:61 Inst1/(4944:4944): [STORAGE[27] = ]
[INFO] 10:40:47:61 Inst1/(4944:4944): [STORAGE[28] = ]
[INFO] 10:40:47:61 Inst1/(4944:4944): [STORAGE[29] = ]
[INFO] 10:40:47:61 Inst1/(4944:4944): [STORAGE[30] = ]
[INFO] 10:40:47:61 Inst1/(4944:4944): [STORAGE[31] = ]
[INFO] 10:40:47:61 Inst1/(4944:4944): [STORAGE[32] = ]
[INFO] 10:40:47:61 Inst1/(4944:4944): [STORAGE[33] = ]
[INFO] 10:40:47:61 Inst1/(4944:4944): [STORAGE[34] = ]
[INFO] 10:40:47:61 Inst1/(4944:4944): [STORAGE[35] = ]
[INFO] 10:40:47:61 Inst1/(4944:4944): [STORAGE[36] = ]
[INFO] 10:40:47:62 Inst1/(4944:4944): [STORAGE[37] = ]
[INFO] 10:40:47:62 Inst1/(4944:4944): [STORAGE[38] = ]
[INFO] 10:40:47:62 Inst1/(4944:4944): [STORAGE[39] = ]
[INFO] 10:40:47:62 Inst1/(4944:4944): [STORAGE[40] = ]
[INFO] 10:40:47:62 Inst1/(4944:4944): [STORAGE[41] = ]
[INFO] 10:40:47:62 Inst1/(4944:4944): [STORAGE[42] = ]
[INFO] 10:40:47:62 Inst1/(4944:4944): [STORAGE[43] = ]
[INFO] 10:40:47:62 Inst1/(4944:4944): [STORAGE[44] = ]
[INFO] 10:40:47:62 Inst1/(4944:4944): [STORAGE[45] = ]
[INFO] 10:40:47:62 Inst1/(4944:4944): [STORAGE[46] = ]
[INFO] 10:40:47:62 Inst1/(4944:4944): [STORAGE[47] = ]
[INFO] 10:40:47:62 Inst1/(4944:4944): [STORAGE[48] = ]
[INFO] 10:40:47:62 Inst1/(4944:4944): [STORAGE[49] = ]
[INFO] 10:40:47:62 Inst1/(4944:4944): Envie mi resultado correctamente
[INFO] 10:40:47:62 Inst1/(4944:4944): Recibi para hacer SET clave: e3:sony:juegos valor: Spiderman
[INFO] 10:40:47:62 Inst1/(4944:4944): El valor de la clave recibida ocuparia 1 entradas
[INFO] 10:40:47:63 Inst1/(4944:4944): La clave existe, entonces paso a limpiar sus entradas para poder sobreescribirla
[INFO] 10:40:47:63 Inst1/(4944:4944): Cargo en mi tabla la entrada:0 clave:e3:sony:juegos tamaño del valor:10
[INFO] 10:40:47:63 Inst1/(4944:4944): Actualizo en mi diccionario la entrada:0-ocupada-cant operaciones:0-tamaño libre de la entrada:10
[INFO] 10:40:47:63 Inst1/(4944:4944): [STORAGE[0] = Spiderman]
[INFO] 10:40:47:63 Inst1/(4944:4944): [STORAGE[1] = ]
[INFO] 10:40:47:63 Inst1/(4944:4944): [STORAGE[2] = ]
[INFO] 10:40:47:63 Inst1/(4944:4944): [STORAGE[3] = ]
[INFO] 10:40:47:63 Inst1/(4944:4944): [STORAGE[4] = ]
[INFO] 10:40:47:63 Inst1/(4944:4944): [STORAGE[5] = ]
[INFO] 10:40:47:63 Inst1/(4944:4944): [STORAGE[6] = ]
[INFO] 10:40:47:63 Inst1/(4944:4944): [STORAGE[7] = ]
[INFO] 10:40:47:63 Inst1/(4944:4944): [STORAGE[8] = ]
[INFO] 10:40:47:63 Inst1/(4944:4944): [STORAGE[9] = ]
[INFO] 10:40:47:63 Inst1/(4944:4944): [STORAGE[10] = ]
[INFO] 10:40:47:63 Inst1/(4944:4944): [STORAGE[11] = ]
[INFO] 10:40:47:63 Inst1/(4944:4944): [STORAGE[12] = ]
[INFO] 10:40:47:63 Inst1/(4944:4944): [STORAGE[13] = ]
[INFO] 10:40:47:63 Inst1/(4944:4944): [STORAGE[14] = ]
[INFO] 10:40:47:63 Inst1/(4944:4944): [STORAGE[15] = ]
[INFO] 10:40:47:63 Inst1/(4944:4944): [STORAGE[16] = ]
[INFO] 10:40:47:63 Inst1/(4944:4944): [STORAGE[17] = ]
[INFO] 10:40:47:63 Inst1/(4944:4944): [STORAGE[18] = ]
[INFO] 10:40:47:63 Inst1/(4944:4944): [STORAGE[19] = ]
[INFO] 10:40:47:63 Inst1/(4944:4944): [STORAGE[20] = ]
[INFO] 10:40:47:63 Inst1/(4944:4944): [STORAGE[21] = ]
[INFO] 10:40:47:63 Inst1/(4944:4944): [STORAGE[22] = ]
[INFO] 10:40:47:63 Inst1/(4944:4944): [STORAGE[23] = ]
[INFO] 10:40:47:63 Inst1/(4944:4944): [STORAGE[24] = ]
[INFO] 10:40:47:63 Inst1/(4944:4944): [STORAGE[25] = ]
[INFO] 10:40:47:63 Inst1/(4944:4944): [STORAGE[26] = ]
[INFO] 10:40:47:63 Inst1/(4944:4944): [STORAGE[27] = ]
[INFO] 10:40:47:63 Inst1/(4944:4944): [STORAGE[28] = ]
[INFO] 10:40:47:63 Inst1/(4944:4944): [STORAGE[29] = ]
[INFO] 10:40:47:63 Inst1/(4944:4944): [STORAGE[30] = ]
[INFO] 10:40:47:63 Inst1/(4944:4944): [STORAGE[31] = ]
[INFO] 10:40:47:63 Inst1/(4944:4944): [STORAGE[32] = ]
[INFO] 10:40:47:63 Inst1/(4944:4944): [STORAGE[33] = ]
[INFO] 10:40:47:63 Inst1/(4944:4944): [STORAGE[34] = ]
[INFO] 10:40:47:63 Inst1/(4944:4944): [STORAGE[35] = ]
[INFO] 10:40:47:63 Inst1/(4944:4944): [STORAGE[36] = ]
[INFO] 10:40:47:63 Inst1/(4944:4944): [STORAGE[37] = ]
[INFO] 10:40:47:63 Inst1/(4944:4944): [STORAGE[38] = ]
[INFO] 10:40:47:63 Inst1/(4944:4944): [STORAGE[39] = ]
[INFO] 10:40:47:63 Inst1/(4944:4944): [STORAGE[40] = ]
[INFO] 10:40:47:63 Inst1/(4944:4944): [STORAGE[41] = ]
[INFO] 10:40:47:63 Inst1/(4944:4944): [STORAGE[42] = ]
[INFO] 10:40:47:63 Inst1/(4944:4944): [STORAGE[43] = ]
[INFO] 10:40:47:63 Inst1/(4944:4944): [STORAGE[44] = ]
[INFO] 10:40:47:63 Inst1/(4944:4944): [STORAGE[45] = ]
[INFO] 10:40:47:63 Inst1/(4944:4944): [STORAGE[46] = ]
[INFO] 10:40:47:63 Inst1/(4944:4944): [STORAGE[47] = ]
[INFO] 10:40:47:63 Inst1/(4944:4944): [STORAGE[48] = ]
[INFO] 10:40:47:63 Inst1/(4944:4944): [STORAGE[49] = ]
[INFO] 10:40:47:63 Inst1/(4944:4944): Envie mi resultado correctamente
[INFO] 10:40:47:64 Inst1/(4944:4944): Recibi para hacer SET clave: e3:sony:juegos valor: GhostOfTsushima
[INFO] 10:40:47:64 Inst1/(4944:4944): El valor de la clave recibida ocuparia 1 entradas
[INFO] 10:40:47:64 Inst1/(4944:4944): La clave existe, entonces paso a limpiar sus entradas para poder sobreescribirla
[INFO] 10:40:47:64 Inst1/(4944:4944): Cargo en mi tabla la entrada:0 clave:e3:sony:juegos tamaño del valor:16
[INFO] 10:40:47:64 Inst1/(4944:4944): Actualizo en mi diccionario la entrada:0-ocupada-cant operaciones:0-tamaño libre de la entrada:4
[INFO] 10:40:47:64 Inst1/(4944:4944): [STORAGE[0] = GhostOfTsushima]
[INFO] 10:40:47:64 Inst1/(4944:4944): [STORAGE[1] = ]
[INFO] 10:40:47:64 Inst1/(4944:4944): [STORAGE[2] = ]
[INFO] 10:40:47:64 Inst1/(4944:4944): [STORAGE[3] = ]
[INFO] 10:40:47:64 Inst1/(4944:4944): [STORAGE[4] = ]
[INFO] 10:40:47:64 Inst1/(4944:4944): [STORAGE[5] = ]
[INFO] 10:40:47:64 Inst1/(4944:4944): [STORAGE[6] = ]
[INFO] 10:40:47:64 Inst1/(4944:4944): [STORAGE[7] = ]
[INFO] 10:40:47:64 Inst1/(4944:4944): [STORAGE[8] = ]
[INFO] 10:40:47:64 Inst1/(4944:4944): [STORAGE[9] = ]
[INFO] 10:40:47:64 Inst1/(4944:4944): [STORAGE[10] = ]
[INFO] 10:40:47:64 Inst1/(4944:4944): [STORAGE[11] = ]
[INFO] 10:40:47:64 Inst1/(4944:4944): [STORAGE[12] = ]
[INFO] 10:40:47:64 Inst1/(4944:4944): [STORAGE[13] = ]
[INFO] 10:40:47:64 Inst1/(4944:4944): [STORAGE[14] = ]
[INFO] 10:40:47:64 Inst1/(4944:4944): [STORAGE[15] = ]
[INFO] 10:40:47:64 Inst1/(4944:4944): [STORAGE[16] = ]
[INFO] 10:40:47:64 Inst1/(4944:4944): [STORAGE[17] = ]
[INFO] 10:40:47:65 Inst1/(4944:4944): [STORAGE[18] = ]
[INFO] 10:40:47:65 Inst1/(4944:4944): [STORAGE[19] = ]
[INFO] 10:40:47:65 Inst1/(4944:4944): [STORAGE[20] = ]
[INFO] 10:40:47:65 Inst1/(4944:4944): [STORAGE[21] = ]
[INFO] 10:40:47:65 Inst1/(4944:4944): [STORAGE[22] = ]
[INFO] 10:40:47:65 Inst1/(4944:4944): [STORAGE[23] = ]
[INFO] 10:40:47:65 Inst1/(4944:4944): [STORAGE[24] = ]
[INFO] 10:40:47:65 Inst1/(4944:4944): [STORAGE[25] = ]
[INFO] 10:40:47:65 Inst1/(4944:4944): [STORAGE[26] = ]
[INFO] 10:40:47:65 Inst1/(4944:4944): [STORAGE[27] = ]
[INFO] 10:40:47:65 Inst1/(4944:4944): [STORAGE[28] = ]
[INFO] 10:40:47:65 Inst1/(4944:4944): [STORAGE[29] = ]
[INFO] 10:40:47:65 Inst1/(4944:4944): [STORAGE[30] = ]
[INFO] 10:40:47:65 Inst1/(4944:4944): [STORAGE[31] = ]
[INFO] 10:40:47:65 Inst1/(4944:4944): [STORAGE[32] = ]
[INFO] 10:40:47:65 Inst1/(4944:4944): [STORAGE[33] = ]
[INFO] 10:40:47:65 Inst1/(4944:4944): [STORAGE[34] = ]
[INFO] 10:40:47:65 Inst1/(4944:4944): [STORAGE[35] = ]
[INFO] 10:40:47:65 Inst1/(4944:4944): [STORAGE[36] = ]
[INFO] 10:40:47:65 Inst1/(4944:4944): [STORAGE[37] = ]
[INFO] 10:40:47:65 Inst1/(4944:4944): [STORAGE[38] = ]
[INFO] 10:40:47:65 Inst1/(4944:4944): [STORAGE[39] = ]
[INFO] 10:40:47:65 Inst1/(4944:4944): [STORAGE[40] = ]
[INFO] 10:40:47:65 Inst1/(4944:4944): [STORAGE[41] = ]
[INFO] 10:40:47:65 Inst1/(4944:4944): [STORAGE[42] = ]
[INFO] 10:40:47:65 Inst1/(4944:4944): [STORAGE[43] = ]
[INFO] 10:40:47:65 Inst1/(4944:4944): [STORAGE[44] = ]
[INFO] 10:40:47:65 Inst1/(4944:4944): [STORAGE[45] = ]
[INFO] 10:40:47:65 Inst1/(4944:4944): [STORAGE[46] = ]
[INFO] 10:40:47:65 Inst1/(4944:4944): [STORAGE[47] = ]
[INFO] 10:40:47:65 Inst1/(4944:4944): [STORAGE[48] = ]
[INFO] 10:40:47:65 Inst1/(4944:4944): [STORAGE[49] = ]
[INFO] 10:40:47:65 Inst1/(4944:4944): Envie mi resultado correctamente
[INFO] 10:40:47:66 Inst1/(4944:4944): Recibi para hacer SET clave: e3:sony:juegos valor: DeathStranding
[INFO] 10:40:47:66 Inst1/(4944:4944): El valor de la clave recibida ocuparia 1 entradas
[INFO] 10:40:47:66 Inst1/(4944:4944): La clave existe, entonces paso a limpiar sus entradas para poder sobreescribirla
[INFO] 10:40:47:66 Inst1/(4944:4944): Cargo en mi tabla la entrada:0 clave:e3:sony:juegos tamaño del valor:15
[INFO] 10:40:47:66 Inst1/(4944:4944): Actualizo en mi diccionario la entrada:0-ocupada-cant operaciones:0-tamaño libre de la entrada:5
[INFO] 10:40:47:66 Inst1/(4944:4944): [STORAGE[0] = DeathStranding]
[INFO] 10:40:47:66 Inst1/(4944:4944): [STORAGE[1] = ]
[INFO] 10:40:47:66 Inst1/(4944:4944): [STORAGE[2] = ]
[INFO] 10:40:47:66 Inst1/(4944:4944): [STORAGE[3] = ]
[INFO] 10:40:47:66 Inst1/(4944:4944): [STORAGE[4] = ]
[INFO] 10:40:47:66 Inst1/(4944:4944): [STORAGE[5] = ]
[INFO] 10:40:47:66 Inst1/(4944:4944): [STORAGE[6] = ]
[INFO] 10:40:47:66 Inst1/(4944:4944): [STORAGE[7] = ]
[INFO] 10:40:47:66 Inst1/(4944:4944): [STORAGE[8] = ]
[INFO] 10:40:47:66 Inst1/(4944:4944): [STORAGE[9] = ]
[INFO] 10:40:47:66 Inst1/(4944:4944): [STORAGE[10] = ]
[INFO] 10:40:47:66 Inst1/(4944:4944): [STORAGE[11] = ]
[INFO] 10:40:47:66 Inst1/(4944:4944): [STORAGE[12] = ]
[INFO] 10:40:47:66 Inst1/(4944:4944): [STORAGE[13] = ]
[INFO] 10:40:47:66 Inst1/(4944:4944): [STORAGE[14] = ]
[INFO] 10:40:47:66 Inst1/(4944:4944): [STORAGE[15] = ]
[INFO] 10:40:47:66 Inst1/(4944:4944): [STORAGE[16] = ]
[INFO] 10:40:47:66 Inst1/(4944:4944): [STORAGE[17] = ]
[INFO] 10:40:47:66 Inst1/(4944:4944): [STORAGE[18] = ]
[INFO] 10:40:47:66 Inst1/(4944:4944): [STORAGE[19] = ]
[INFO] 10:40:47:66 Inst1/(4944:4944): [STORAGE[20] = ]
[INFO] 10:40:47:66 Inst1/(4944:4944): [STORAGE[21] = ]
[INFO] 10:40:47:66 Inst1/(4944:4944): [STORAGE[22] = ]
[INFO] 10:40:47:67 Inst1/(4944:4944): [STORAGE[23] = ]
[INFO] 10:40:47:67 Inst1/(4944:4944): [STORAGE[24] = ]
[INFO] 10:40:47:67 Inst1/(4944:4944): [STORAGE[25] = ]
[INFO] 10:40:47:67 Inst1/(4944:4944): [STORAGE[26] = ]
[INFO] 10:40:47:67 Inst1/(4944:4944): [STORAGE[27] = ]
[INFO] 10:40:47:67 Inst1/(4944:4944): [STORAGE[28] = ]
[INFO] 10:40:47:67 Inst1/(4944:4944): [STORAGE[29] = ]
[INFO] 10:40:47:67 Inst1/(4944:4944): [STORAGE[30] = ]
[INFO] 10:40:47:67 Inst1/(4944:4944): [STORAGE[31] = ]
[INFO] 10:40:47:67 Inst1/(4944:4944): [STORAGE[32] = ]
[INFO] 10:40:47:67 Inst1/(4944:4944): [STORAGE[33] = ]
[INFO] 10:40:47:67 Inst1/(4944:4944): [STORAGE[34] = ]
[INFO] 10:40:47:67 Inst1/(4944:4944): [STORAGE[35] = ]
[INFO] 10:40:47:67 Inst1/(4944:4944): [STORAGE[36] = ]
[INFO] 10:40:47:67 Inst1/(4944:4944): [STORAGE[37] = ]
[INFO] 10:40:47:67 Inst1/(4944:4944): [STORAGE[38] = ]
[INFO] 10:40:47:67 Inst1/(4944:4944): [STORAGE[39] = ]
[INFO] 10:40:47:67 Inst1/(4944:4944): [STORAGE[40] = ]
[INFO] 10:40:47:67 Inst1/(4944:4944): [STORAGE[41] = ]
[INFO] 10:40:47:67 Inst1/(4944:4944): [STORAGE[42] = ]
[INFO] 10:40:47:67 Inst1/(4944:4944): [STORAGE[43] = ]
[INFO] 10:40:47:67 Inst1/(4944:4944): [STORAGE[44] = ]
[INFO] 10:40:47:67 Inst1/(4944:4944): [STORAGE[45] = ]
[INFO] 10:40:47:67 Inst1/(4944:4944): [STORAGE[46] = ]
[INFO] 10:40:47:67 Inst1/(4944:4944): [STORAGE[47] = ]
[INFO] 10:40:47:67 Inst1/(4944:4944): [STORAGE[48] = ]
[INFO] 10:40:47:67 Inst1/(4944:4944): [STORAGE[49] = ]
[INFO] 10:40:47:67 Inst1/(4944:4944): Envie mi resultado correctamente
[INFO] 10:40:47:68 Inst1/(4944:4944): Recibi para hacer SET clave: e3:sony:juegos valor: ResidenEvil2Remake
[INFO] 10:40:47:68 Inst1/(4944:4944): El valor de la clave recibida ocuparia 1 entradas
[INFO] 10:40:47:68 Inst1/(4944:4944): La clave existe, entonces paso a limpiar sus entradas para poder sobreescribirla
[INFO] 10:40:47:68 Inst1/(4944:4944): Cargo en mi tabla la entrada:0 clave:e3:sony:juegos tamaño del valor:19
[INFO] 10:40:47:68 Inst1/(4944:4944): Actualizo en mi diccionario la entrada:0-ocupada-cant operaciones:0-tamaño libre de la entrada:1
[INFO] 10:40:47:68 Inst1/(4944:4944): [STORAGE[0] = ResidenEvil2Remake]
[INFO] 10:40:47:68 Inst1/(4944:4944): [STORAGE[1] = ]
[INFO] 10:40:47:68 Inst1/(4944:4944): [STORAGE[2] = ]
[INFO] 10:40:47:68 Inst1/(4944:4944): [STORAGE[3] = ]
[INFO] 10:40:47:68 Inst1/(4944:4944): [STORAGE[4] = ]
[INFO] 10:40:47:68 Inst1/(4944:4944): [STORAGE[5] = ]
[INFO] 10:40:47:68 Inst1/(4944:4944): [STORAGE[6] = ]
[INFO] 10:40:47:68 Inst1/(4944:4944): [STORAGE[7] = ]
[INFO] 10:40:47:68 Inst1/(4944:4944): [STORAGE[8] = ]
[INFO] 10:40:47:68 Inst1/(4944:4944): [STORAGE[9] = ]
[INFO] 10:40:47:68 Inst1/(4944:4944): [STORAGE[10] = ]
[INFO] 10:40:47:68 Inst1/(4944:4944): [STORAGE[11] = ]
[INFO] 10:40:47:68 Inst1/(4944:4944): [STORAGE[12] = ]
[INFO] 10:40:47:68 Inst1/(4944:4944): [STORAGE[13] = ]
[INFO] 10:40:47:68 Inst1/(4944:4944): [STORAGE[14] = ]
[INFO] 10:40:47:68 Inst1/(4944:4944): [STORAGE[15] = ]
[INFO] 10:40:47:68 Inst1/(4944:4944): [STORAGE[16] = ]
[INFO] 10:40:47:68 Inst1/(4944:4944): [STORAGE[17] = ]
[INFO] 10:40:47:68 Inst1/(4944:4944): [STORAGE[18] = ]
[INFO] 10:40:47:68 Inst1/(4944:4944): [STORAGE[19] = ]
[INFO] 10:40:47:68 Inst1/(4944:4944): [STORAGE[20] = ]
[INFO] 10:40:47:68 Inst1/(4944:4944): [STORAGE[21] = ]
[INFO] 10:40:47:68 Inst1/(4944:4944): [STORAGE[22] = ]
[INFO] 10:40:47:68 Inst1/(4944:4944): [STORAGE[23] = ]
[INFO] 10:40:47:68 Inst1/(4944:4944): [STORAGE[24] = ]
[INFO] 10:40:47:68 Inst1/(4944:4944): [STORAGE[25] = ]
[INFO] 10:40:47:68 Inst1/(4944:4944): [STORAGE[26] = ]
[INFO] 10:40:47:68 Inst1/(4944:4944): [STORAGE[27] = ]
[INFO] 10:40:47:68 Inst1/(4944:4944): [STORAGE[28] = ]
[INFO] 10:40:47:68 Inst1/(4944:4944): [STORAGE[29] = ]
[INFO] 10:40:47:68 Inst1/(4944:4944): [STORAGE[30] = ]
[INFO] 10:40:47:68 Inst1/(4944:4944): [STORAGE[31] = ]
[INFO] 10:40:47:68 Inst1/(4944:4944): [STORAGE[32] = ]
[INFO] 10:40:47:68 Inst1/(4944:4944): [STORAGE[33] = ]
[INFO] 10:40:47:68 Inst1/(4944:4944): [STORAGE[34] = ]
[INFO] 10:40:47:68 Inst1/(4944:4944): [STORAGE[35] = ]
[INFO] 10:40:47:68 Inst1/(4944:4944): [STORAGE[36] = ]
[INFO] 10:40:47:68 Inst1/(4944:4944): [STORAGE[37] = ]
[INFO] 10:40:47:68 Inst1/(4944:4944): [STORAGE[38] = ]
[INFO] 10:40:47:68 Inst1/(4944:4944): [STORAGE[39] = ]
[INFO] 10:40:47:68 Inst1/(4944:4944): [STORAGE[40] = ]
[INFO] 10:40:47:68 Inst1/(4944:4944): [STORAGE[41] = ]
[INFO] 10:40:47:69 Inst1/(4944:4944): [STORAGE[42] = ]
[INFO] 10:40:47:69 Inst1/(4944:4944): [STORAGE[43] = ]
[INFO] 10:40:47:69 Inst1/(4944:4944): [STORAGE[44] = ]
[INFO] 10:40:47:69 Inst1/(4944:4944): [STORAGE[45] = ]
[INFO] 10:40:47:69 Inst1/(4944:4944): [STORAGE[46] = ]
[INFO] 10:40:47:69 Inst1/(4944:4944): [STORAGE[47] = ]
[INFO] 10:40:47:69 Inst1/(4944:4944): [STORAGE[48] = ]
[INFO] 10:40:47:69 Inst1/(4944:4944): [STORAGE[49] = ]
[INFO] 10:40:47:69 Inst1/(4944:4944): Envie mi resultado correctamente
[INFO] 10:40:47:69 Inst1/(4944:4944): Recibi para hacer SET clave: e3:sony:juegos valor: Destiny2DLCForsaken
[INFO] 10:40:47:70 Inst1/(4944:4944): El valor de la clave recibida ocuparia 1 entradas
[INFO] 10:40:47:70 Inst1/(4944:4944): La clave existe, entonces paso a limpiar sus entradas para poder sobreescribirla
[INFO] 10:40:47:70 Inst1/(4944:4944): Cargo en mi tabla la entrada:0 clave:e3:sony:juegos tamaño del valor:20
[INFO] 10:40:47:70 Inst1/(4944:4944): Actualizo en mi diccionario la entrada:0-ocupada-cant operaciones:0-tamaño libre de la entrada:0
[INFO] 10:40:47:70 Inst1/(4944:4944): [STORAGE[0] = Destiny2DLCForsaken]
[INFO] 10:40:47:70 Inst1/(4944:4944): [STORAGE[1] = ]
[INFO] 10:40:47:70 Inst1/(4944:4944): [STORAGE[2] = ]
[INFO] 10:40:47:70 Inst1/(4944:4944): [STORAGE[3] = ]
[INFO] 10:40:47:70 Inst1/(4944:4944): [STORAGE[4] = ]
[INFO] 10:40:47:70 Inst1/(4944:4944): [STORAGE[5] = ]
[INFO] 10:40:47:70 Inst1/(4944:4944): [STORAGE[6] = ]
[INFO] 10:40:47:70 Inst1/(4944:4944): [STORAGE[7] = ]
[INFO] 10:40:47:70 Inst1/(4944:4944): [STORAGE[8] = ]
[INFO] 10:40:47:70 Inst1/(4944:4944): [STORAGE[9] = ]
[INFO] 10:40:47:70 Inst1/(4944:4944): [STORAGE[10] = ]
[INFO] 10:40:47:70 Inst1/(4944:4944): [STORAGE[11] = ]
[INFO] 10:40:47:70 Inst1/(4944:4944): [STORAGE[12] = ]
[INFO] 10:40:47:70 Inst1/(4944:4944): [STORAGE[13] = ]
[INFO] 10:40:47:70 Inst1/(4944:4944): [STORAGE[14] = ]
[INFO] 10:40:47:70 Inst1/(4944:4944): [STORAGE[15] = ]
[INFO] 10:40:47:70 Inst1/(4944:4944): [STORAGE[16] = ]
[INFO] 10:40:47:70 Inst1/(4944:4944): [STORAGE[17] = ]
[INFO] 10:40:47:70 Inst1/(4944:4944): [STORAGE[18] = ]
[INFO] 10:40:47:70 Inst1/(4944:4944): [STORAGE[19] = ]
[INFO] 10:40:47:70 Inst1/(4944:4944): [STORAGE[20] = ]
[INFO] 10:40:47:70 Inst1/(4944:4944): [STORAGE[21] = ]
[INFO] 10:40:47:70 Inst1/(4944:4944): [STORAGE[22] = ]
[INFO] 10:40:47:70 Inst1/(4944:4944): [STORAGE[23] = ]
[INFO] 10:40:47:70 Inst1/(4944:4944): [STORAGE[24] = ]
[INFO] 10:40:47:70 Inst1/(4944:4944): [STORAGE[25] = ]
[INFO] 10:40:47:70 Inst1/(4944:4944): [STORAGE[26] = ]
[INFO] 10:40:47:70 Inst1/(4944:4944): [STORAGE[27] = ]
[INFO] 10:40:47:70 Inst1/(4944:4944): [STORAGE[28] = ]
[INFO] 10:40:47:70 Inst1/(4944:4944): [STORAGE[29] = ]
[INFO] 10:40:47:70 Inst1/(4944:4944): [STORAGE[30] = ]
[INFO] 10:40:47:70 Inst1/(4944:4944): [STORAGE[31] = ]
[INFO] 10:40:47:70 Inst1/(4944:4944): [STORAGE[32] = ]
[INFO] 10:40:47:70 Inst1/(4944:4944): [STORAGE[33] = ]
[INFO] 10:40:47:70 Inst1/(4944:4944): [STORAGE[34] = ]
[INFO] 10:40:47:70 Inst1/(4944:4944): [STORAGE[35] = ]
[INFO] 10:40:47:70 Inst1/(4944:4944): [STORAGE[36] = ]
[INFO] 10:40:47:70 Inst1/(4944:4944): [STORAGE[37] = ]
[INFO] 10:40:47:70 Inst1/(4944:4944): [STORAGE[38] = ]
[INFO] 10:40:47:70 Inst1/(4944:4944): [STORAGE[39] = ]
[INFO] 10:40:47:70 Inst1/(4944:4944): [STORAGE[40] = ]
[INFO] 10:40:47:70 Inst1/(4944:4944): [STORAGE[41] = ]
[INFO] 10:40:47:70 Inst1/(4944:4944): [STORAGE[42] = ]
[INFO] 10:40:47:70 Inst1/(4944:4944): [STORAGE[43] = ]
[INFO] 10:40:47:70 Inst1/(4944:4944): [STORAGE[44] = ]
[INFO] 10:40:47:70 Inst1/(4944:4944): [STORAGE[45] = ]
[INFO] 10:40:47:70 Inst1/(4944:4944): [STORAGE[46] = ]
[INFO] 10:40:47:70 Inst1/(4944:4944): [STORAGE[47] = ]
[INFO] 10:40:47:70 Inst1/(4944:4944): [STORAGE[48] = ]
[INFO] 10:40:47:70 Inst1/(4944:4944): [STORAGE[49] = ]
[INFO] 10:40:47:70 Inst1/(4944:4944): Envie mi resultado correctamente
[INFO] 10:40:47:73 Inst1/(4944:4944): Recibi para hacer SET clave: e3:microsoft:juegos valor: DLCCuphead
[INFO] 10:40:47:73 Inst1/(4944:4944): El valor de la clave recibida ocuparia 1 entradas
[INFO] 10:40:47:73 Inst1/(4944:4944): Cargo en mi tabla la entrada:1 clave:e3:microsoft:juegos tamaño del valor:11
[INFO] 10:40:47:73 Inst1/(4944:4944): Actualizo en mi diccionario la entrada:1-ocupada-cant operaciones:0-tamaño libre de la entrada:9
[INFO] 10:40:47:74 Inst1/(4944:4944): [STORAGE[0] = Destiny2DLCForsaken]
[INFO] 10:40:47:74 Inst1/(4944:4944): [STORAGE[1] = DLCCuphead]
[INFO] 10:40:47:74 Inst1/(4944:4944): [STORAGE[2] = ]
[INFO] 10:40:47:74 Inst1/(4944:4944): [STORAGE[3] = ]
[INFO] 10:40:47:74 Inst1/(4944:4944): [STORAGE[4] = ]
[INFO] 10:40:47:74 Inst1/(4944:4944): [STORAGE[5] = ]
[INFO] 10:40:47:74 Inst1/(4944:4944): [STORAGE[6] = ]
[INFO] 10:40:47:74 Inst1/(4944:4944): [STORAGE[7] = ]
[INFO] 10:40:47:74 Inst1/(4944:4944): [STORAGE[8] = ]
[INFO] 10:40:47:74 Inst1/(4944:4944): [STORAGE[9] = ]
[INFO] 10:40:47:74 Inst1/(4944:4944): [STORAGE[10] = ]
[INFO] 10:40:47:74 Inst1/(4944:4944): [STORAGE[11] = ]
[INFO] 10:40:47:74 Inst1/(4944:4944): [STORAGE[12] = ]
[INFO] 10:40:47:74 Inst1/(4944:4944): [STORAGE[13] = ]
[INFO] 10:40:47:74 Inst1/(4944:4944): [STORAGE[14] = ]
[INFO] 10:40:47:74 Inst1/(4944:4944): [STORAGE[15] = ]
[INFO] 10:40:47:74 Inst1/(4944:4944): [STORAGE[16] = ]
[INFO] 10:40:47:74 Inst1/(4944:4944): [STORAGE[17] = ]
[INFO] 10:40:47:74 Inst1/(4944:4944): [STORAGE[18] = ]
[INFO] 10:40:47:74 Inst1/(4944:4944): [STORAGE[19] = ]
[INFO] 10:40:47:74 Inst1/(4944:4944): [STORAGE[20] = ]
[INFO] 10:40:47:74 Inst1/(4944:4944): [STORAGE[21] = ]
[INFO] 10:40:47:74 Inst1/(4944:4944): [STORAGE[22] = ]
[INFO] 10:40:47:74 Inst1/(4944:4944): [STORAGE[23] = ]
[INFO] 10:40:47:74 Inst1/(4944:4944): [STORAGE[24] = ]
[INFO] 10:40:47:74 Inst1/(4944:4944): [STORAGE[25] = ]
[INFO] 10:40:47:74 Inst1/(4944:4944): [STORAGE[26] = ]
[INFO] 10:40:47:74 Inst1/(4944:4944): [STORAGE[27] = ]
[INFO] 10:40:47:74 Inst1/(4944:4944): [STORAGE[28] = ]
[INFO] 10:40:47:74 Inst1/(4944:4944): [STORAGE[29] = ]
[INFO] 10:40:47:74 Inst1/(4944:4944): [STORAGE[30] = ]
[INFO] 10:40:47:74 Inst1/(4944:4944): [STORAGE[31] = ]
[INFO] 10:40:47:74 Inst1/(4944:4944): [STORAGE[32] = ]
[INFO] 10:40:47:74 Inst1/(4944:4944): [STORAGE[33] = ]
[INFO] 10:40:47:74 Inst1/(4944:4944): [STORAGE[34] = ]
[INFO] 10:40:47:74 Inst1/(4944:4944): [STORAGE[35] = ]
[INFO] 10:40:47:74 Inst1/(4944:4944): [STORAGE[36] = ]
[INFO] 10:40:47:74 Inst1/(4944:4944): [STORAGE[37] = ]
[INFO] 10:40:47:74 Inst1/(4944:4944): [STORAGE[38] = ]
[INFO] 10:40:47:74 Inst1/(4944:4944): [STORAGE[39] = ]
[INFO] 10:40:47:74 Inst1/(4944:4944): [STORAGE[40] = ]
[INFO] 10:40:47:74 Inst1/(4944:4944): [STORAGE[41] = ]
[INFO] 10:40:47:74 Inst1/(4944:4944): [STORAGE[42] = ]
[INFO] 10:40:47:74 Inst1/(4944:4944): [STORAGE[43] = ]
[INFO] 10:40:47:74 Inst1/(4944:4944): [STORAGE[44] = ]
[INFO] 10:40:47:74 Inst1/(4944:4944): [STORAGE[45] = ]
[INFO] 10:40:47:74 Inst1/(4944:4944): [STORAGE[46] = ]
[INFO] 10:40:47:74 Inst1/(4944:4944): [STORAGE[47] = ]
[INFO] 10:40:47:74 Inst1/(4944:4944): [STORAGE[48] = ]
[INFO] 10:40:47:74 Inst1/(4944:4944): [STORAGE[49] = ]
[INFO] 10:40:47:74 Inst1/(4944:4944): Envie mi resultado correctamente
[INFO] 10:40:47:75 Inst1/(4944:4944): Recibi para hacer SET clave: e3:microsoft:juegos valor: ForzaHorizon4
[INFO] 10:40:47:75 Inst1/(4944:4944): El valor de la clave recibida ocuparia 1 entradas
[INFO] 10:40:47:75 Inst1/(4944:4944): La clave existe, entonces paso a limpiar sus entradas para poder sobreescribirla
[INFO] 10:40:47:75 Inst1/(4944:4944): Cargo en mi tabla la entrada:1 clave:e3:microsoft:juegos tamaño del valor:14
[INFO] 10:40:47:75 Inst1/(4944:4944): Actualizo en mi diccionario la entrada:1-ocupada-cant operaciones:0-tamaño libre de la entrada:6
[INFO] 10:40:47:75 Inst1/(4944:4944): [STORAGE[0] = Destiny2DLCForsaken]
[INFO] 10:40:47:75 Inst1/(4944:4944): [STORAGE[1] = ForzaHorizon4]
[INFO] 10:40:47:75 Inst1/(4944:4944): [STORAGE[2] = ]
[INFO] 10:40:47:75 Inst1/(4944:4944): [STORAGE[3] = ]
[INFO] 10:40:47:75 Inst1/(4944:4944): [STORAGE[4] = ]
[INFO] 10:40:47:75 Inst1/(4944:4944): [STORAGE[5] = ]
[INFO] 10:40:47:75 Inst1/(4944:4944): [STORAGE[6] = ]
[INFO] 10:40:47:75 Inst1/(4944:4944): [STORAGE[7] = ]
[INFO] 10:40:47:75 Inst1/(4944:4944): [STORAGE[8] = ]
[INFO] 10:40:47:75 Inst1/(4944:4944): [STORAGE[9] = ]
[INFO] 10:40:47:75 Inst1/(4944:4944): [STORAGE[10] = ]
[INFO] 10:40:47:75 Inst1/(4944:4944): [STORAGE[11] = ]
[INFO] 10:40:47:75 Inst1/(4944:4944): [STORAGE[12] = ]
[INFO] 10:40:47:75 Inst1/(4944:4944): [STORAGE[13] = ]
[INFO] 10:40:47:75 Inst1/(4944:4944): [STORAGE[14] = ]
[INFO] 10:40:47:75 Inst1/(4944:4944): [STORAGE[15] = ]
[INFO] 10:40:47:75 Inst1/(4944:4944): [STORAGE[16] = ]
[INFO] 10:40:47:76 Inst1/(4944:4944): [STORAGE[17] = ]
[INFO] 10:40:47:76 Inst1/(4944:4944): [STORAGE[18] = ]
[INFO] 10:40:47:76 Inst1/(4944:4944): [STORAGE[19] = ]
[INFO] 10:40:47:76 Inst1/(4944:4944): [STORAGE[20] = ]
[INFO] 10:40:47:76 Inst1/(4944:4944): [STORAGE[21] = ]
[INFO] 10:40:47:76 Inst1/(4944:4944): [STORAGE[22] = ]
[INFO] 10:40:47:76 Inst1/(4944:4944): [STORAGE[23] = ]
[INFO] 10:40:47:76 Inst1/(4944:4944): [STORAGE[24] = ]
[INFO] 10:40:47:76 Inst1/(4944:4944): [STORAGE[25] = ]
[INFO] 10:40:47:76 Inst1/(4944:4944): [STORAGE[26] = ]
[INFO] 10:40:47:76 Inst1/(4944:4944): [STORAGE[27] = ]
[INFO] 10:40:47:76 Inst1/(4944:4944): [STORAGE[28] = ]
[INFO] 10:40:47:76 Inst1/(4944:4944): [STORAGE[29] = ]
[INFO] 10:40:47:76 Inst1/(4944:4944): [STORAGE[30] = ]
[INFO] 10:40:47:76 Inst1/(4944:4944): [STORAGE[31] = ]
[INFO] 10:40:47:76 Inst1/(4944:4944): [STORAGE[32] = ]
[INFO] 10:40:47:76 Inst1/(4944:4944): [STORAGE[33] = ]
[INFO] 10:40:47:76 Inst1/(4944:4944): [STORAGE[34] = ]
[INFO] 10:40:47:76 Inst1/(4944:4944): [STORAGE[35] = ]
[INFO] 10:40:47:76 Inst1/(4944:4944): [STORAGE[36] = ]
[INFO] 10:40:47:76 Inst1/(4944:4944): [STORAGE[37] = ]
[INFO] 10:40:47:76 Inst1/(4944:4944): [STORAGE[38] = ]
[INFO] 10:40:47:76 Inst1/(4944:4944): [STORAGE[39] = ]
[INFO] 10:40:47:76 Inst1/(4944:4944): [STORAGE[40] = ]
[INFO] 10:40:47:76 Inst1/(4944:4944): [STORAGE[41] = ]
[INFO] 10:40:47:76 Inst1/(4944:4944): [STORAGE[42] = ]
[INFO] 10:40:47:76 Inst1/(4944:4944): [STORAGE[43] = ]
[INFO] 10:40:47:76 Inst1/(4944:4944): [STORAGE[44] = ]
[INFO] 10:40:47:76 Inst1/(4944:4944): [STORAGE[45] = ]
[INFO] 10:40:47:76 Inst1/(4944:4944): [STORAGE[46] = ]
[INFO] 10:40:47:76 Inst1/(4944:4944): [STORAGE[47] = ]
[INFO] 10:40:47:76 Inst1/(4944:4944): [STORAGE[48] = ]
[INFO] 10:40:47:76 Inst1/(4944:4944): [STORAGE[49] = ]
[INFO] 10:40:47:76 Inst1/(4944:4944): Envie mi resultado correctamente
[INFO] 10:40:47:77 Inst1/(4944:4944): Recibi para hacer SET clave: e3:microsoft:juegos valor: Gears5
[INFO] 10:40:47:77 Inst1/(4944:4944): El valor de la clave recibida ocuparia 1 entradas
[INFO] 10:40:47:77 Inst1/(4944:4944): La clave existe, entonces paso a limpiar sus entradas para poder sobreescribirla
[INFO] 10:40:47:77 Inst1/(4944:4944): Cargo en mi tabla la entrada:1 clave:e3:microsoft:juegos tamaño del valor:7
[INFO] 10:40:47:77 Inst1/(4944:4944): Actualizo en mi diccionario la entrada:1-ocupada-cant operaciones:0-tamaño libre de la entrada:13
[INFO] 10:40:47:77 Inst1/(4944:4944): [STORAGE[0] = Destiny2DLCForsaken]
[INFO] 10:40:47:77 Inst1/(4944:4944): [STORAGE[1] = Gears5]
[INFO] 10:40:47:77 Inst1/(4944:4944): [STORAGE[2] = ]
[INFO] 10:40:47:77 Inst1/(4944:4944): [STORAGE[3] = ]
[INFO] 10:40:47:77 Inst1/(4944:4944): [STORAGE[4] = ]
[INFO] 10:40:47:77 Inst1/(4944:4944): [STORAGE[5] = ]
[INFO] 10:40:47:77 Inst1/(4944:4944): [STORAGE[6] = ]
[INFO] 10:40:47:77 Inst1/(4944:4944): [STORAGE[7] = ]
[INFO] 10:40:47:77 Inst1/(4944:4944): [STORAGE[8] = ]
[INFO] 10:40:47:77 Inst1/(4944:4944): [STORAGE[9] = ]
[INFO] 10:40:47:77 Inst1/(4944:4944): [STORAGE[10] = ]
[INFO] 10:40:47:77 Inst1/(4944:4944): [STORAGE[11] = ]
[INFO] 10:40:47:77 Inst1/(4944:4944): [STORAGE[12] = ]
[INFO] 10:40:47:77 Inst1/(4944:4944): [STORAGE[13] = ]
[INFO] 10:40:47:77 Inst1/(4944:4944): [STORAGE[14] = ]
[INFO] 10:40:47:77 Inst1/(4944:4944): [STORAGE[15] = ]
[INFO] 10:40:47:77 Inst1/(4944:4944): [STORAGE[16] = ]
[INFO] 10:40:47:77 Inst1/(4944:4944): [STORAGE[17] = ]
[INFO] 10:40:47:77 Inst1/(4944:4944): [STORAGE[18] = ]
[INFO] 10:40:47:77 Inst1/(4944:4944): [STORAGE[19] = ]
[INFO] 10:40:47:77 Inst1/(4944:4944): [STORAGE[20] = ]
[INFO] 10:40:47:77 Inst1/(4944:4944): [STORAGE[21] = ]
[INFO] 10:40:47:77 Inst1/(4944:4944): [STORAGE[22] = ]
[INFO] 10:40:47:77 Inst1/(4944:4944): [STORAGE[23] = ]
[INFO] 10:40:47:77 Inst1/(4944:4944): [STORAGE[24] = ]
[INFO] 10:40:47:77 Inst1/(4944:4944): [STORAGE[25] = ]
[INFO] 10:40:47:77 Inst1/(4944:4944): [STORAGE[26] = ]
[INFO] 10:40:47:77 Inst1/(4944:4944): [STORAGE[27] = ]
[INFO] 10:40:47:77 Inst1/(4944:4944): [STORAGE[28] = ]
[INFO] 10:40:47:77 Inst1/(4944:4944): [STORAGE[29] = ]
[INFO] 10:40:47:77 Inst1/(4944:4944): [STORAGE[30] = ]
[INFO] 10:40:47:77 Inst1/(4944:4944): [STORAGE[31] = ]
[INFO] 10:40:47:77 Inst1/(4944:4944): [STORAGE[32] = ]
[INFO] 10:40:47:77 Inst1/(4944:4944): [STORAGE[33] = ]
[INFO] 10:40:47:77 Inst1/(4944:4944): [STORAGE[34] = ]
[INFO] 10:40:47:77 Inst1/(4944:4944): [STORAGE[35] = ]
[INFO] 10:40:47:77 Inst1/(4944:4944): [STORAGE[36] = ]
[INFO] 10:40:47:77 Inst1/(4944:4944): [STORAGE[37] = ]
[INFO] 10:40:47:78 Inst1/(4944:4944): [STORAGE[38] = ]
[INFO] 10:40:47:78 Inst1/(4944:4944): [STORAGE[39] = ]
[INFO] 10:40:47:78 Inst1/(4944:4944): [STORAGE[40] = ]
[INFO] 10:40:47:78 Inst1/(4944:4944): [STORAGE[41] = ]
[INFO] 10:40:47:78 Inst1/(4944:4944): [STORAGE[42] = ]
[INFO] 10:40:47:78 Inst1/(4944:4944): [STORAGE[43] = ]
[INFO] 10:40:47:78 Inst1/(4944:4944): [STORAGE[44] = ]
[INFO] 10:40:47:78 Inst1/(4944:4944): [STORAGE[45] = ]
[INFO] 10:40:47:78 Inst1/(4944:4944): [STORAGE[46] = ]
[INFO] 10:40:47:78 Inst1/(4944:4944): [STORAGE[47] = ]
[INFO] 10:40:47:78 Inst1/(4944:4944): [STORAGE[48] = ]
[INFO] 10:40:47:78 Inst1/(4944:4944): [STORAGE[49] = ]
[INFO] 10:40:47:78 Inst1/(4944:4944): Envie mi resultado correctamente
[INFO] 10:40:47:79 Inst1/(4944:4944): Recibi para hacer SET clave: e3:microsoft:juegos valor: MetroExodus
[INFO] 10:40:47:79 Inst1/(4944:4944): El valor de la clave recibida ocuparia 1 entradas
[INFO] 10:40:47:79 Inst1/(4944:4944): La clave existe, entonces paso a limpiar sus entradas para poder sobreescribirla
[INFO] 10:40:47:79 Inst1/(4944:4944): Cargo en mi tabla la entrada:1 clave:e3:microsoft:juegos tamaño del valor:12
[INFO] 10:40:47:79 Inst1/(4944:4944): Actualizo en mi diccionario la entrada:1-ocupada-cant operaciones:0-tamaño libre de la entrada:8
[INFO] 10:40:47:79 Inst1/(4944:4944): [STORAGE[0] = Destiny2DLCForsaken]
[INFO] 10:40:47:79 Inst1/(4944:4944): [STORAGE[1] = MetroExodus]
[INFO] 10:40:47:79 Inst1/(4944:4944): [STORAGE[2] = ]
[INFO] 10:40:47:79 Inst1/(4944:4944): [STORAGE[3] = ]
[INFO] 10:40:47:79 Inst1/(4944:4944): [STORAGE[4] = ]
[INFO] 10:40:47:79 Inst1/(4944:4944): [STORAGE[5] = ]
[INFO] 10:40:47:79 Inst1/(4944:4944): [STORAGE[6] = ]
[INFO] 10:40:47:79 Inst1/(4944:4944): [STORAGE[7] = ]
[INFO] 10:40:47:79 Inst1/(4944:4944): [STORAGE[8] = ]
[INFO] 10:40:47:79 Inst1/(4944:4944): [STORAGE[9] = ]
[INFO] 10:40:47:79 Inst1/(4944:4944): [STORAGE[10] = ]
[INFO] 10:40:47:80 Inst1/(4944:4944): [STORAGE[11] = ]
[INFO] 10:40:47:80 Inst1/(4944:4944): [STORAGE[12] = ]
[INFO] 10:40:47:80 Inst1/(4944:4944): [STORAGE[13] = ]
[INFO] 10:40:47:80 Inst1/(4944:4944): [STORAGE[14] = ]
[INFO] 10:40:47:80 Inst1/(4944:4944): [STORAGE[15] = ]
[INFO] 10:40:47:80 Inst1/(4944:4944): [STORAGE[16] = ]
[INFO] 10:40:47:80 Inst1/(4944:4944): [STORAGE[17] = ]
[INFO] 10:40:47:80 Inst1/(4944:4944): [STORAGE[18] = ]
[INFO] 10:40:47:80 Inst1/(4944:4944): [STORAGE[19] = ]
[INFO] 10:40:47:80 Inst1/(4944:4944): [STORAGE[20] = ]
[INFO] 10:40:47:80 Inst1/(4944:4944): [STORAGE[21] = ]
[INFO] 10:40:47:80 Inst1/(4944:4944): [STORAGE[22] = ]
[INFO] 10:40:47:80 Inst1/(4944:4944): [STORAGE[23] = ]
[INFO] 10:40:47:80 Inst1/(4944:4944): [STORAGE[24] = ]
[INFO] 10:40:47:80 Inst1/(4944:4944): [STORAGE[25] = ]
[INFO] 10:40:47:80 Inst1/(4944:4944): [STORAGE[26] = ]
[INFO] 10:40:47:80 Inst1/(4944:4944): [STORAGE[27] = ]
[INFO] 10:40:47:80 Inst1/(4944:4944): [STORAGE[28] = ]
[INFO] 10:40:47:80 Inst1/(4944:4944): [STORAGE[29] = ]
[INFO] 10:40:47:80 Inst1/(4944:4944): [STORAGE[30] = ]
[INFO] 10:40:47:80 Inst1/(4944:4944): [STORAGE[31] = ]
[INFO] 10:40:47:80 Inst1/(4944:4944): [STORAGE[32] = ]
[INFO] 10:40:47:80 Inst1/(4944:4944): [STORAGE[33] = ]
[INFO] 10:40:47:80 Inst1/(4944:4944): [STORAGE[34] = ]
[INFO] 10:40:47:80 Inst1/(4944:4944): [STORAGE[35] = ]
[INFO] 10:40:47:80 Inst1/(4944:4944): [STORAGE[36] = ]
[INFO] 10:40:47:80 Inst1/(4944:4944): [STORAGE[37] = ]
[INFO] 10:40:47:80 Inst1/(4944:4944): [STORAGE[38] = ]
[INFO] 10:40:47:80 Inst1/(4944:4944): [STORAGE[39] = ]
[INFO] 10:40:47:80 Inst1/(4944:4944): [STORAGE[40] = ]
[INFO] 10:40:47:80 Inst1/(4944:4944): [STORAGE[41] = ]
[INFO] 10:40:47:80 Inst1/(4944:4944): [STORAGE[42] = ]
[INFO] 10:40:47:80 Inst1/(4944:4944): [STORAGE[43] = ]
[INFO] 10:40:47:80 Inst1/(4944:4944): [STORAGE[44] = ]
[INFO] 10:40:47:80 Inst1/(4944:4944): [STORAGE[45] = ]
[INFO] 10:40:47:80 Inst1/(4944:4944): [STORAGE[46] = ]
[INFO] 10:40:47:80 Inst1/(4944:4944): [STORAGE[47] = ]
[INFO] 10:40:47:80 Inst1/(4944:4944): [STORAGE[48] = ]
[INFO] 10:40:47:80 Inst1/(4944:4944): [STORAGE[49] = ]
[INFO] 10:40:47:80 Inst1/(4944:4944): Envie mi resultado correctamente
[INFO] 10:40:47:81 Inst1/(4944:4944): Recibi para hacer SET clave: e3:microsoft:juegos valor: Fallout76
[INFO] 10:40:47:81 Inst1/(4944:4944): El valor de la clave recibida ocuparia 1 entradas
[INFO] 10:40:47:81 Inst1/(4944:4944): La clave existe, entonces paso a limpiar sus entradas para poder sobreescribirla
[INFO] 10:40:47:81 Inst1/(4944:4944): Cargo en mi tabla la entrada:1 clave:e3:microsoft:juegos tamaño del valor:10
[INFO] 10:40:47:81 Inst1/(4944:4944): Actualizo en mi diccionario la entrada:1-ocupada-cant operaciones:0-tamaño libre de la entrada:10
[INFO] 10:40:47:81 Inst1/(4944:4944): [STORAGE[0] = Destiny2DLCForsaken]
[INFO] 10:40:47:81 Inst1/(4944:4944): [STORAGE[1] = Fallout76]
[INFO] 10:40:47:81 Inst1/(4944:4944): [STORAGE[2] = ]
[INFO] 10:40:47:81 Inst1/(4944:4944): [STORAGE[3] = ]
[INFO] 10:40:47:81 Inst1/(4944:4944): [STORAGE[4] = ]
[INFO] 10:40:47:81 Inst1/(4944:4944): [STORAGE[5] = ]
[INFO] 10:40:47:81 Inst1/(4944:4944): [STORAGE[6] = ]
[INFO] 10:40:47:81 Inst1/(4944:4944): [STORAGE[7] = ]
[INFO] 10:40:47:81 Inst1/(4944:4944): [STORAGE[8] = ]
[INFO] 10:40:47:81 Inst1/(4944:4944): [STORAGE[9] = ]
[INFO] 10:40:47:81 Inst1/(4944:4944): [STORAGE[10] = ]
[INFO] 10:40:47:81 Inst1/(4944:4944): [STORAGE[11] = ]
[INFO] 10:40:47:81 Inst1/(4944:4944): [STORAGE[12] = ]
[INFO] 10:40:47:81 Inst1/(4944:4944): [STORAGE[13] = ]
[INFO] 10:40:47:81 Inst1/(4944:4944): [STORAGE[14] = ]
[INFO] 10:40:47:81 Inst1/(4944:4944): [STORAGE[15] = ]
[INFO] 10:40:47:81 Inst1/(4944:4944): [STORAGE[16] = ]
[INFO] 10:40:47:81 Inst1/(4944:4944): [STORAGE[17] = ]
[INFO] 10:40:47:81 Inst1/(4944:4944): [STORAGE[18] = ]
[INFO] 10:40:47:81 Inst1/(4944:4944): [STORAGE[19] = ]
[INFO] 10:40:47:81 Inst1/(4944:4944): [STORAGE[20] = ]
[INFO] 10:40:47:81 Inst1/(4944:4944): [STORAGE[21] = ]
[INFO] 10:40:47:81 Inst1/(4944:4944): [STORAGE[22] = ]
[INFO] 10:40:47:81 Inst1/(4944:4944): [STORAGE[23] = ]
[INFO] 10:40:47:81 Inst1/(4944:4944): [STORAGE[24] = ]
[INFO] 10:40:47:81 Inst1/(4944:4944): [STORAGE[25] = ]
[INFO] 10:40:47:81 Inst1/(4944:4944): [STORAGE[26] = ]
[INFO] 10:40:47:81 Inst1/(4944:4944): [STORAGE[27] = ]
[INFO] 10:40:47:82 Inst1/(4944:4944): [STORAGE[28] = ]
[INFO] 10:40:47:82 Inst1/(4944:4944): [STORAGE[29] = ]
[INFO] 10:40:47:82 Inst1/(4944:4944): [STORAGE[30] = ]
[INFO] 10:40:47:82 Inst1/(4944:4944): [STORAGE[31] = ]
[INFO] 10:40:47:82 Inst1/(4944:4944): [STORAGE[32] = ]
[INFO] 10:40:47:82 Inst1/(4944:4944): [STORAGE[33] = ]
[INFO] 10:40:47:82 Inst1/(4944:4944): [STORAGE[34] = ]
[INFO] 10:40:47:82 Inst1/(4944:4944): [STORAGE[35] = ]
[INFO] 10:40:47:82 Inst1/(4944:4944): [STORAGE[36] = ]
[INFO] 10:40:47:82 Inst1/(4944:4944): [STORAGE[37] = ]
[INFO] 10:40:47:82 Inst1/(4944:4944): [STORAGE[38] = ]
[INFO] 10:40:47:82 Inst1/(4944:4944): [STORAGE[39] = ]
[INFO] 10:40:47:82 Inst1/(4944:4944): [STORAGE[40] = ]
[INFO] 10:40:47:82 Inst1/(4944:4944): [STORAGE[41] = ]
[INFO] 10:40:47:82 Inst1/(4944:4944): [STORAGE[42] = ]
[INFO] 10:40:47:82 Inst1/(4944:4944): [STORAGE[43] = ]
[INFO] 10:40:47:82 Inst1/(4944:4944): [STORAGE[44] = ]
[INFO] 10:40:47:82 Inst1/(4944:4944): [STORAGE[45] = ]
[INFO] 10:40:47:82 Inst1/(4944:4944): [STORAGE[46] = ]
[INFO] 10:40:47:82 Inst1/(4944:4944): [STORAGE[47] = ]
[INFO] 10:40:47:82 Inst1/(4944:4944): [STORAGE[48] = ]
[INFO] 10:40:47:82 Inst1/(4944:4944): [STORAGE[49] = ]
[INFO] 10:40:47:82 Inst1/(4944:4944): Envie mi resultado correctamente
[INFO] 10:40:47:83 Inst1/(4944:4944): Recibi para hacer SET clave: e3:microsoft:juegos valor: TheDivision2
[INFO] 10:40:47:83 Inst1/(4944:4944): El valor de la clave recibida ocuparia 1 entradas
[INFO] 10:40:47:83 Inst1/(4944:4944): La clave existe, entonces paso a limpiar sus entradas para poder sobreescribirla
[INFO] 10:40:47:83 Inst1/(4944:4944): Cargo en mi tabla la entrada:1 clave:e3:microsoft:juegos tamaño del valor:13
[INFO] 10:40:47:83 Inst1/(4944:4944): Actualizo en mi diccionario la entrada:1-ocupada-cant operaciones:0-tamaño libre de la entrada:7
[INFO] 10:40:47:83 Inst1/(4944:4944): [STORAGE[0] = Destiny2DLCForsaken]
[INFO] 10:40:47:83 Inst1/(4944:4944): [STORAGE[1] = TheDivision2]
[INFO] 10:40:47:83 Inst1/(4944:4944): [STORAGE[2] = ]
[INFO] 10:40:47:83 Inst1/(4944:4944): [STORAGE[3] = ]
[INFO] 10:40:47:83 Inst1/(4944:4944): [STORAGE[4] = ]
[INFO] 10:40:47:83 Inst1/(4944:4944): [STORAGE[5] = ]
[INFO] 10:40:47:83 Inst1/(4944:4944): [STORAGE[6] = ]
[INFO] 10:40:47:83 Inst1/(4944:4944): [STORAGE[7] = ]
[INFO] 10:40:47:83 Inst1/(4944:4944): [STORAGE[8] = ]
[INFO] 10:40:47:83 Inst1/(4944:4944): [STORAGE[9] = ]
[INFO] 10:40:47:83 Inst1/(4944:4944): [STORAGE[10] = ]
[INFO] 10:40:47:83 Inst1/(4944:4944): [STORAGE[11] = ]
[INFO] 10:40:47:83 Inst1/(4944:4944): [STORAGE[12] = ]
[INFO] 10:40:47:83 Inst1/(4944:4944): [STORAGE[13] = ]
[INFO] 10:40:47:83 Inst1/(4944:4944): [STORAGE[14] = ]
[INFO] 10:40:47:83 Inst1/(4944:4944): [STORAGE[15] = ]
[INFO] 10:40:47:83 Inst1/(4944:4944): [STORAGE[16] = ]
[INFO] 10:40:47:83 Inst1/(4944:4944): [STORAGE[17] = ]
[INFO] 10:40:47:83 Inst1/(4944:4944): [STORAGE[18] = ]
[INFO] 10:40:47:83 Inst1/(4944:4944): [STORAGE[19] = ]
[INFO] 10:40:47:83 Inst1/(4944:4944): [STORAGE[20] = ]
[INFO] 10:40:47:83 Inst1/(4944:4944): [STORAGE[21] = ]
[INFO] 10:40:47:83 Inst1/(4944:4944): [STORAGE[22] = ]
[INFO] 10:40:47:83 Inst1/(4944:4944): [STORAGE[23] = ]
[INFO] 10:40:47:83 Inst1/(4944:4944): [STORAGE[24] = ]
[INFO] 10:40:47:83 Inst1/(4944:4944): [STORAGE[25] = ]
[INFO] 10:40:47:83 Inst1/(4944:4944): [STORAGE[26] = ]
[INFO] 10:40:47:83 Inst1/(4944:4944): [STORAGE[27] = ]
[INFO] 10:40:47:83 Inst1/(4944:4944): [STORAGE[28] = ]
[INFO] 10:40:47:83 Inst1/(4944:4944): [STORAGE[29] = ]
[INFO] 10:40:47:83 Inst1/(4944:4944): [STORAGE[30] = ]
[INFO] 10:40:47:83 Inst1/(4944:4944): [STORAGE[31] = ]
[INFO] 10:40:47:83 Inst1/(4944:4944): [STORAGE[32] = ]
[INFO] 10:40:47:83 Inst1/(4944:4944): [STORAGE[33] = ]
[INFO] 10:40:47:83 Inst1/(4944:4944): [STORAGE[34] = ]
[INFO] 10:40:47:83 Inst1/(4944:4944): [STORAGE[35] = ]
[INFO] 10:40:47:83 Inst1/(4944:4944): [STORAGE[36] = ]
[INFO] 10:40:47:83 Inst1/(4944:4944): [STORAGE[37] = ]
[INFO] 10:40:47:83 Inst1/(4944:4944): [STORAGE[38] = ]
[INFO] 10:40:47:83 Inst1/(4944:4944): [STORAGE[39] = ]
[INFO] 10:40:47:83 Inst1/(4944:4944): [STORAGE[40] = ]
[INFO] 10:40:47:83 Inst1/(4944:4944): [STORAGE[41] = ]
[INFO] 10:40:47:83 Inst1/(4944:4944): [STORAGE[42] = ]
[INFO] 10:40:47:84 Inst1/(4944:4944): [STORAGE[43] = ]
[INFO] 10:40:47:84 Inst1/(4944:4944): [STORAGE[44] = ]
[INFO] 10:40:47:84 Inst1/(4944:4944): [STORAGE[45] = ]
[INFO] 10:40:47:84 Inst1/(4944:4944): [STORAGE[46] = ]
[INFO] 10:40:47:84 Inst1/(4944:4944): [STORAGE[47] = ]
[INFO] 10:40:47:84 Inst1/(4944:4944): [STORAGE[48] = ]
[INFO] 10:40:47:84 Inst1/(4944:4944): [STORAGE[49] = ]
[INFO] 10:40:47:84 Inst1/(4944:4944): Envie mi resultado correctamente
[INFO] 10:40:47:85 Inst1/(4944:4944): Recibi para hacer SET clave: e3:microsoft:juegos valor: DyingLight2
[INFO] 10:40:47:85 Inst1/(4944:4944): El valor de la clave recibida ocuparia 1 entradas
[INFO] 10:40:47:85 Inst1/(4944:4944): La clave existe, entonces paso a limpiar sus entradas para poder sobreescribirla
[INFO] 10:40:47:85 Inst1/(4944:4944): Cargo en mi tabla la entrada:1 clave:e3:microsoft:juegos tamaño del valor:12
[INFO] 10:40:47:85 Inst1/(4944:4944): Actualizo en mi diccionario la entrada:1-ocupada-cant operaciones:0-tamaño libre de la entrada:8
[INFO] 10:40:47:85 Inst1/(4944:4944): [STORAGE[0] = Destiny2DLCForsaken]
[INFO] 10:40:47:85 Inst1/(4944:4944): [STORAGE[1] = DyingLight2]
[INFO] 10:40:47:85 Inst1/(4944:4944): [STORAGE[2] = ]
[INFO] 10:40:47:85 Inst1/(4944:4944): [STORAGE[3] = ]
[INFO] 10:40:47:85 Inst1/(4944:4944): [STORAGE[4] = ]
[INFO] 10:40:47:85 Inst1/(4944:4944): [STORAGE[5] = ]
[INFO] 10:40:47:85 Inst1/(4944:4944): [STORAGE[6] = ]
[INFO] 10:40:47:85 Inst1/(4944:4944): [STORAGE[7] = ]
[INFO] 10:40:47:85 Inst1/(4944:4944): [STORAGE[8] = ]
[INFO] 10:40:47:85 Inst1/(4944:4944): [STORAGE[9] = ]
[INFO] 10:40:47:85 Inst1/(4944:4944): [STORAGE[10] = ]
[INFO] 10:40:47:85 Inst1/(4944:4944): [STORAGE[11] = ]
[INFO] 10:40:47:86 Inst1/(4944:4944): [STORAGE[12] = ]
[INFO] 10:40:47:86 Inst1/(4944:4944): [STORAGE[13] = ]
[INFO] 10:40:47:86 Inst1/(4944:4944): [STORAGE[14] = ]
[INFO] 10:40:47:86 Inst1/(4944:4944): [STORAGE[15] = ]
[INFO] 10:40:47:86 Inst1/(4944:4944): [STORAGE[16] = ]
[INFO] 10:40:47:86 Inst1/(4944:4944): [STORAGE[17] = ]
[INFO] 10:40:47:86 Inst1/(4944:4944): [STORAGE[18] = ]
[INFO] 10:40:47:86 Inst1/(4944:4944): [STORAGE[19] = ]
[INFO] 10:40:47:86 Inst1/(4944:4944): [STORAGE[20] = ]
[INFO] 10:40:47:86 Inst1/(4944:4944): [STORAGE[21] = ]
[INFO] 10:40:47:86 Inst1/(4944:4944): [STORAGE[22] = ]
[INFO] 10:40:47:86 Inst1/(4944:4944): [STORAGE[23] = ]
[INFO] 10:40:47:86 Inst1/(4944:4944): [STORAGE[24] = ]
[INFO] 10:40:47:86 Inst1/(4944:4944): [STORAGE[25] = ]
[INFO] 10:40:47:86 Inst1/(4944:4944): [STORAGE[26] = ]
[INFO] 10:40:47:86 Inst1/(4944:4944): [STORAGE[27] = ]
[INFO] 10:40:47:86 Inst1/(4944:4944): [STORAGE[28] = ]
[INFO] 10:40:47:86 Inst1/(4944:4944): [STORAGE[29] = ]
[INFO] 10:40:47:86 Inst1/(4944:4944): [STORAGE[30] = ]
[INFO] 10:40:47:86 Inst1/(4944:4944): [STORAGE[31] = ]
[INFO] 10:40:47:86 Inst1/(4944:4944): [STORAGE[32] = ]
[INFO] 10:40:47:86 Inst1/(4944:4944): [STORAGE[33] = ]
[INFO] 10:40:47:86 Inst1/(4944:4944): [STORAGE[34] = ]
[INFO] 10:40:47:86 Inst1/(4944:4944): [STORAGE[35] = ]
[INFO] 10:40:47:86 Inst1/(4944:4944): [STORAGE[36] = ]
[INFO] 10:40:47:86 Inst1/(4944:4944): [STORAGE[37] = ]
[INFO] 10:40:47:86 Inst1/(4944:4944): [STORAGE[38] = ]
[INFO] 10:40:47:86 Inst1/(4944:4944): [STORAGE[39] = ]
[INFO] 10:40:47:86 Inst1/(4944:4944): [STORAGE[40] = ]
[INFO] 10:40:47:86 Inst1/(4944:4944): [STORAGE[41] = ]
[INFO] 10:40:47:86 Inst1/(4944:4944): [STORAGE[42] = ]
[INFO] 10:40:47:86 Inst1/(4944:4944): [STORAGE[43] = ]
[INFO] 10:40:47:86 Inst1/(4944:4944): [STORAGE[44] = ]
[INFO] 10:40:47:86 Inst1/(4944:4944): [STORAGE[45] = ]
[INFO] 10:40:47:86 Inst1/(4944:4944): [STORAGE[46] = ]
[INFO] 10:40:47:86 Inst1/(4944:4944): [STORAGE[47] = ]
[INFO] 10:40:47:86 Inst1/(4944:4944): [STORAGE[48] = ]
[INFO] 10:40:47:86 Inst1/(4944:4944): [STORAGE[49] = ]
[INFO] 10:40:47:86 Inst1/(4944:4944): Envie mi resultado correctamente
[INFO] 10:40:47:87 Inst1/(4944:4944): Recibi para hacer SET clave: e3:microsoft:juegos valor: Crackdown3
[INFO] 10:40:47:87 Inst1/(4944:4944): El valor de la clave recibida ocuparia 1 entradas
[INFO] 10:40:47:87 Inst1/(4944:4944): La clave existe, entonces paso a limpiar sus entradas para poder sobreescribirla
[INFO] 10:40:47:87 Inst1/(4944:4944): Cargo en mi tabla la entrada:1 clave:e3:microsoft:juegos tamaño del valor:11
[INFO] 10:40:47:87 Inst1/(4944:4944): Actualizo en mi diccionario la entrada:1-ocupada-cant operaciones:0-tamaño libre de la entrada:9
[INFO] 10:40:47:87 Inst1/(4944:4944): [STORAGE[0] = Destiny2DLCForsaken]
[INFO] 10:40:47:87 Inst1/(4944:4944): [STORAGE[1] = Crackdown3]
[INFO] 10:40:47:87 Inst1/(4944:4944): [STORAGE[2] = ]
[INFO] 10:40:47:87 Inst1/(4944:4944): [STORAGE[3] = ]
[INFO] 10:40:47:87 Inst1/(4944:4944): [STORAGE[4] = ]
[INFO] 10:40:47:87 Inst1/(4944:4944): [STORAGE[5] = ]
[INFO] 10:40:47:87 Inst1/(4944:4944): [STORAGE[6] = ]
[INFO] 10:40:47:87 Inst1/(4944:4944): [STORAGE[7] = ]
[INFO] 10:40:47:87 Inst1/(4944:4944): [STORAGE[8] = ]
[INFO] 10:40:47:87 Inst1/(4944:4944): [STORAGE[9] = ]
[INFO] 10:40:47:87 Inst1/(4944:4944): [STORAGE[10] = ]
[INFO] 10:40:47:87 Inst1/(4944:4944): [STORAGE[11] = ]
[INFO] 10:40:47:87 Inst1/(4944:4944): [STORAGE[12] = ]
[INFO] 10:40:47:87 Inst1/(4944:4944): [STORAGE[13] = ]
[INFO] 10:40:47:87 Inst1/(4944:4944): [STORAGE[14] = ]
[INFO] 10:40:47:87 Inst1/(4944:4944): [STORAGE[15] = ]
[INFO] 10:40:47:87 Inst1/(4944:4944): [STORAGE[16] = ]
[INFO] 10:40:47:87 Inst1/(4944:4944): [STORAGE[17] = ]
[INFO] 10:40:47:87 Inst1/(4944:4944): [STORAGE[18] = ]
[INFO] 10:40:47:88 Inst1/(4944:4944): [STORAGE[19] = ]
[INFO] 10:40:47:88 Inst1/(4944:4944): [STORAGE[20] = ]
[INFO] 10:40:47:88 Inst1/(4944:4944): [STORAGE[21] = ]
[INFO] 10:40:47:88 Inst1/(4944:4944): [STORAGE[22] = ]
[INFO] 10:40:47:88 Inst1/(4944:4944): [STORAGE[23] = ]
[INFO] 10:40:47:88 Inst1/(4944:4944): [STORAGE[24] = ]
[INFO] 10:40:47:88 Inst1/(4944:4944): [STORAGE[25] = ]
[INFO] 10:40:47:88 Inst1/(4944:4944): [STORAGE[26] = ]
[INFO] 10:40:47:88 Inst1/(4944:4944): [STORAGE[27] = ]
[INFO] 10:40:47:88 Inst1/(4944:4944): [STORAGE[28] = ]
[INFO] 10:40:47:88 Inst1/(4944:4944): [STORAGE[29] = ]
[INFO] 10:40:47:88 Inst1/(4944:4944): [STORAGE[30] = ]
[INFO] 10:40:47:88 Inst1/(4944:4944): [STORAGE[31] = ]
[INFO] 10:40:47:88 Inst1/(4944:4944): [STORAGE[32] = ]
[INFO] 10:40:47:88 Inst1/(4944:4944): [STORAGE[33] = ]
[INFO] 10:40:47:88 Inst1/(4944:4944): [STORAGE[34] = ]
[INFO] 10:40:47:88 Inst1/(4944:4944): [STORAGE[35] = ]
[INFO] 10:40:47:88 Inst1/(4944:4944): [STORAGE[36] = ]
[INFO] 10:40:47:88 Inst1/(4944:4944): [STORAGE[37] = ]
[INFO] 10:40:47:88 Inst1/(4944:4944): [STORAGE[38] = ]
[INFO] 10:40:47:88 Inst1/(4944:4944): [STORAGE[39] = ]
[INFO] 10:40:47:88 Inst1/(4944:4944): [STORAGE[40] = ]
[INFO] 10:40:47:88 Inst1/(4944:4944): [STORAGE[41] = ]
[INFO] 10:40:47:88 Inst1/(4944:4944): [STORAGE[42] = ]
[INFO] 10:40:47:88 Inst1/(4944:4944): [STORAGE[43] = ]
[INFO] 10:40:47:88 Inst1/(4944:4944): [STORAGE[44] = ]
[INFO] 10:40:47:88 Inst1/(4944:4944): [STORAGE[45] = ]
[INFO] 10:40:47:88 Inst1/(4944:4944): [STORAGE[46] = ]
[INFO] 10:40:47:88 Inst1/(4944:4944): [STORAGE[47] = ]
[INFO] 10:40:47:88 Inst1/(4944:4944): [STORAGE[48] = ]
[INFO] 10:40:47:88 Inst1/(4944:4944): [STORAGE[49] = ]
[INFO] 10:40:47:88 Inst1/(4944:4944): Envie mi resultado correctamente
[INFO] 10:40:47:93 Inst1/(4944:4944): Recibi para hacer SET clave: e3:microsoft:juegos valor: HaloInfinite
[INFO] 10:40:47:93 Inst1/(4944:4944): El valor de la clave recibida ocuparia 1 entradas
[INFO] 10:40:47:93 Inst1/(4944:4944): La clave existe, entonces paso a limpiar sus entradas para poder sobreescribirla
[INFO] 10:40:47:93 Inst1/(4944:4944): Cargo en mi tabla la entrada:1 clave:e3:microsoft:juegos tamaño del valor:13
[INFO] 10:40:47:93 Inst1/(4944:4944): Actualizo en mi diccionario la entrada:1-ocupada-cant operaciones:0-tamaño libre de la entrada:7
[INFO] 10:40:47:93 Inst1/(4944:4944): [STORAGE[0] = Destiny2DLCForsaken]
[INFO] 10:40:47:93 Inst1/(4944:4944): [STORAGE[1] = HaloInfinite]
[INFO] 10:40:47:93 Inst1/(4944:4944): [STORAGE[2] = ]
[INFO] 10:40:47:93 Inst1/(4944:4944): [STORAGE[3] = ]
[INFO] 10:40:47:93 Inst1/(4944:4944): [STORAGE[4] = ]
[INFO] 10:40:47:93 Inst1/(4944:4944): [STORAGE[5] = ]
[INFO] 10:40:47:93 Inst1/(4944:4944): [STORAGE[6] = ]
[INFO] 10:40:47:93 Inst1/(4944:4944): [STORAGE[7] = ]
[INFO] 10:40:47:93 Inst1/(4944:4944): [STORAGE[8] = ]
[INFO] 10:40:47:94 Inst1/(4944:4944): [STORAGE[9] = ]
[INFO] 10:40:47:94 Inst1/(4944:4944): [STORAGE[10] = ]
[INFO] 10:40:47:94 Inst1/(4944:4944): [STORAGE[11] = ]
[INFO] 10:40:47:94 Inst1/(4944:4944): [STORAGE[12] = ]
[INFO] 10:40:47:94 Inst1/(4944:4944): [STORAGE[13] = ]
[INFO] 10:40:47:94 Inst1/(4944:4944): [STORAGE[14] = ]
[INFO] 10:40:47:94 Inst1/(4944:4944): [STORAGE[15] = ]
[INFO] 10:40:47:94 Inst1/(4944:4944): [STORAGE[16] = ]
[INFO] 10:40:47:94 Inst1/(4944:4944): [STORAGE[17] = ]
[INFO] 10:40:47:94 Inst1/(4944:4944): [STORAGE[18] = ]
[INFO] 10:40:47:94 Inst1/(4944:4944): [STORAGE[19] = ]
[INFO] 10:40:47:94 Inst1/(4944:4944): [STORAGE[20] = ]
[INFO] 10:40:47:94 Inst1/(4944:4944): [STORAGE[21] = ]
[INFO] 10:40:47:94 Inst1/(4944:4944): [STORAGE[22] = ]
[INFO] 10:40:47:94 Inst1/(4944:4944): [STORAGE[23] = ]
[INFO] 10:40:47:94 Inst1/(4944:4944): [STORAGE[24] = ]
[INFO] 10:40:47:94 Inst1/(4944:4944): [STORAGE[25] = ]
[INFO] 10:40:47:94 Inst1/(4944:4944): [STORAGE[26] = ]
[INFO] 10:40:47:94 Inst1/(4944:4944): [STORAGE[27] = ]
[INFO] 10:40:47:94 Inst1/(4944:4944): [STORAGE[28] = ]
[INFO] 10:40:47:94 Inst1/(4944:4944): [STORAGE[29] = ]
[INFO] 10:40:47:94 Inst1/(4944:4944): [STORAGE[30] = ]
[INFO] 10:40:47:94 Inst1/(4944:4944): [STORAGE[31] = ]
[INFO] 10:40:47:94 Inst1/(4944:4944): [STORAGE[32] = ]
[INFO] 10:40:47:94 Inst1/(4944:4944): [STORAGE[33] = ]
[INFO] 10:40:47:94 Inst1/(4944:4944): [STORAGE[34] = ]
[INFO] 10:40:47:94 Inst1/(4944:4944): [STORAGE[35] = ]
[INFO] 10:40:47:94 Inst1/(4944:4944): [STORAGE[36] = ]
[INFO] 10:40:47:94 Inst1/(4944:4944): [STORAGE[37] = ]
[INFO] 10:40:47:94 Inst1/(4944:4944): [STORAGE[38] = ]
[INFO] 10:40:47:94 Inst1/(4944:4944): [STORAGE[39] = ]
[INFO] 10:40:47:94 Inst1/(4944:4944): [STORAGE[40] = ]
[INFO] 10:40:47:94 Inst1/(4944:4944): [STORAGE[41] = ]
[INFO] 10:40:47:94 Inst1/(4944:4944): [STORAGE[42] = ]
[INFO] 10:40:47:94 Inst1/(4944:4944): [STORAGE[43] = ]
[INFO] 10:40:47:94 Inst1/(4944:4944): [STORAGE[44] = ]
[INFO] 10:40:47:94 Inst1/(4944:4944): [STORAGE[45] = ]
[INFO] 10:40:47:94 Inst1/(4944:4944): [STORAGE[46] = ]
[INFO] 10:40:47:94 Inst1/(4944:4944): [STORAGE[47] = ]
[INFO] 10:40:47:94 Inst1/(4944:4944): [STORAGE[48] = ]
[INFO] 10:40:47:94 Inst1/(4944:4944): [STORAGE[49] = ]
[INFO] 10:40:47:94 Inst1/(4944:4944): Envie mi resultado correctamente
[INFO] 10:40:47:95 Inst1/(4944:4944): Recibi para hacer SET clave: e3:microsoft:juegos valor: KingdomHearts3
[INFO] 10:40:47:95 Inst1/(4944:4944): El valor de la clave recibida ocuparia 1 entradas
[INFO] 10:40:47:95 Inst1/(4944:4944): La clave existe, entonces paso a limpiar sus entradas para poder sobreescribirla
[INFO] 10:40:47:95 Inst1/(4944:4944): Cargo en mi tabla la entrada:1 clave:e3:microsoft:juegos tamaño del valor:15
[INFO] 10:40:47:95 Inst1/(4944:4944): Actualizo en mi diccionario la entrada:1-ocupada-cant operaciones:0-tamaño libre de la entrada:5
[INFO] 10:40:47:95 Inst1/(4944:4944): [STORAGE[0] = Destiny2DLCForsaken]
[INFO] 10:40:47:95 Inst1/(4944:4944): [STORAGE[1] = KingdomHearts3]
[INFO] 10:40:47:95 Inst1/(4944:4944): [STORAGE[2] = ]
[INFO] 10:40:47:95 Inst1/(4944:4944): [STORAGE[3] = ]
[INFO] 10:40:47:95 Inst1/(4944:4944): [STORAGE[4] = ]
[INFO] 10:40:47:95 Inst1/(4944:4944): [STORAGE[5] = ]
[INFO] 10:40:47:96 Inst1/(4944:4944): [STORAGE[6] = ]
[INFO] 10:40:47:96 Inst1/(4944:4944): [STORAGE[7] = ]
[INFO] 10:40:47:96 Inst1/(4944:4944): [STORAGE[8] = ]
[INFO] 10:40:47:96 Inst1/(4944:4944): [STORAGE[9] = ]
[INFO] 10:40:47:96 Inst1/(4944:4944): [STORAGE[10] = ]
[INFO] 10:40:47:96 Inst1/(4944:4944): [STORAGE[11] = ]
[INFO] 10:40:47:96 Inst1/(4944:4944): [STORAGE[12] = ]
[INFO] 10:40:47:96 Inst1/(4944:4944): [STORAGE[13] = ]
[INFO] 10:40:47:96 Inst1/(4944:4944): [STORAGE[14] = ]
[INFO] 10:40:47:96 Inst1/(4944:4944): [STORAGE[15] = ]
[INFO] 10:40:47:96 Inst1/(4944:4944): [STORAGE[16] = ]
[INFO] 10:40:47:96 Inst1/(4944:4944): [STORAGE[17] = ]
[INFO] 10:40:47:96 Inst1/(4944:4944): [STORAGE[18] = ]
[INFO] 10:40:47:96 Inst1/(4944:4944): [STORAGE[19] = ]
[INFO] 10:40:47:96 Inst1/(4944:4944): [STORAGE[20] = ]
[INFO] 10:40:47:96 Inst1/(4944:4944): [STORAGE[21] = ]
[INFO] 10:40:47:96 Inst1/(4944:4944): [STORAGE[22] = ]
[INFO] 10:40:47:96 Inst1/(4944:4944): [STORAGE[23] = ]
[INFO] 10:40:47:96 Inst1/(4944:4944): [STORAGE[24] = ]
[INFO] 10:40:47:96 Inst1/(4944:4944): [STORAGE[25] = ]
[INFO] 10:40:47:96 Inst1/(4944:4944): [STORAGE[26] = ]
[INFO] 10:40:47:96 Inst1/(4944:4944): [STORAGE[27] = ]
[INFO] 10:40:47:96 Inst1/(4944:4944): [STORAGE[28] = ]
[INFO] 10:40:47:96 Inst1/(4944:4944): [STORAGE[29] = ]
[INFO] 10:40:47:96 Inst1/(4944:4944): [STORAGE[30] = ]
[INFO] 10:40:47:96 Inst1/(4944:4944): [STORAGE[31] = ]
[INFO] 10:40:47:96 Inst1/(4944:4944): [STORAGE[32] = ]
[INFO] 10:40:47:96 Inst1/(4944:4944): [STORAGE[33] = ]
[INFO] 10:40:47:96 Inst1/(4944:4944): [STORAGE[34] = ]
[INFO] 10:40:47:96 Inst1/(4944:4944): [STORAGE[35] = ]
[INFO] 10:40:47:96 Inst1/(4944:4944): [STORAGE[36] = ]
[INFO] 10:40:47:96 Inst1/(4944:4944): [STORAGE[37] = ]
[INFO] 10:40:47:96 Inst1/(4944:4944): [STORAGE[38] = ]
[INFO] 10:40:47:96 Inst1/(4944:4944): [STORAGE[39] = ]
[INFO] 10:40:47:96 Inst1/(4944:4944): [STORAGE[40] = ]
[INFO] 10:40:47:96 Inst1/(4944:4944): [STORAGE[41] = ]
[INFO] 10:40:47:96 Inst1/(4944:4944): [STORAGE[42] = ]
[INFO] 10:40:47:96 Inst1/(4944:4944): [STORAGE[43] = ]
[INFO] 10:40:47:96 Inst1/(4944:4944): [STORAGE[44] = ]
[INFO] 10:40:47:96 Inst1/(4944:4944): [STORAGE[45] = ]
[INFO] 10:40:47:96 Inst1/(4944:4944): [STORAGE[46] = ]
[INFO] 10:40:47:96 Inst1/(4944:4944): [STORAGE[47] = ]
[INFO] 10:40:47:96 Inst1/(4944:4944): [STORAGE[48] = ]
[INFO] 10:40:47:96 Inst1/(4944:4944): [STORAGE[49] = ]
[INFO] 10:40:47:96 Inst1/(4944:4944): Envie mi resultado correctamente
[INFO] 10:40:47:97 Inst1/(4944:4944): Recibi para hacer STORE clave: e3:microsoft:juegos
[INFO] 10:40:47:97 Inst1/(4944:4944): El valor a guardar es:KingdomHearts3
[INFO] 10:40:47:97 Inst1/(4944:4944): Envie mi resultado correctamente
[INFO] 10:40:47:98 Inst1/(4944:4944): Recibi para hacer STORE clave: e3:sony:juegos
[INFO] 10:40:47:98 Inst1/(4944:4944): El valor a guardar es:Destiny2DLCForsaken
[INFO] 10:40:47:98 Inst1/(4944:4944): Envie mi resultado correctamente
[INFO] 10:40:50:934 Inst1/(4944:4948): Comienzo dump....
[INFO] 10:40:50:934 Inst1/(4944:4948): El valor a guardar es:Destiny2DLCForsaken
[INFO] 10:40:50:934 Inst1/(4944:4948): Dump de la clave: e3:sony:juegos correctamente hecho
[INFO] 10:40:50:934 Inst1/(4944:4948): El valor a guardar es:KingdomHearts3
[INFO] 10:40:50:935 Inst1/(4944:4948): Dump de la clave: e3:microsoft:juegos correctamente hecho
[INFO] 10:40:50:935 Inst1/(4944:4948): Finalizo dump....
[INFO] 10:41:00:935 Inst1/(4944:4948): Comienzo dump....
[INFO] 10:41:00:936 Inst1/(4944:4948): El valor a guardar es:Destiny2DLCForsaken
[INFO] 10:41:00:936 Inst1/(4944:4948): Dump de la clave: e3:sony:juegos correctamente hecho
[INFO] 10:41:00:936 Inst1/(4944:4948): El valor a guardar es:KingdomHearts3
[INFO] 10:41:00:936 Inst1/(4944:4948): Dump de la clave: e3:microsoft:juegos correctamente hecho
[INFO] 10:41:00:936 Inst1/(4944:4948): Finalizo dump....
[INFO] 10:41:10:941 Inst1/(4944:4948): Comienzo dump....
[INFO] 10:41:10:941 Inst1/(4944:4948): El valor a guardar es:Destiny2DLCForsaken
[INFO] 10:41:10:942 Inst1/(4944:4948): Dump de la clave: e3:sony:juegos correctamente hecho
[INFO] 10:41:10:942 Inst1/(4944:4948): El valor a guardar es:KingdomHearts3
[INFO] 10:41:10:942 Inst1/(4944:4948): Dump de la clave: e3:microsoft:juegos correctamente hecho
[INFO] 10:41:10:942 Inst1/(4944:4948): Finalizo dump....
[INFO] 10:41:21:167 Inst1/(4944:4948): Comienzo dump....
[INFO] 10:41:21:167 Inst1/(4944:4948): El valor a guardar es:Destiny2DLCForsaken
[INFO] 10:41:21:167 Inst1/(4944:4948): Dump de la clave: e3:sony:juegos correctamente hecho
[INFO] 10:41:21:167 Inst1/(4944:4948): El valor a guardar es:KingdomHearts3
[INFO] 10:41:21:167 Inst1/(4944:4948): Dump de la clave: e3:microsoft:juegos correctamente hecho
[INFO] 10:41:21:167 Inst1/(4944:4948): Finalizo dump....
[INFO] 10:41:31:168 Inst1/(4944:4948): Comienzo dump....
[INFO] 10:41:31:168 Inst1/(4944:4948): El valor a guardar es:Destiny2DLCForsaken
[INFO] 10:41:31:168 Inst1/(4944:4948): Dump de la clave: e3:sony:juegos correctamente hecho
[INFO] 10:41:31:168 Inst1/(4944:4948): El valor a guardar es:KingdomHearts3
[INFO] 10:41:31:168 Inst1/(4944:4948): Dump de la clave: e3:microsoft:juegos correctamente hecho
[INFO] 10:41:31:168 Inst1/(4944:4948): Finalizo dump....
[INFO] 10:41:41:175 Inst1/(4944:4948): Comienzo dump....
[INFO] 10:41:41:175 Inst1/(4944:4948): El valor a guardar es:Destiny2DLCForsaken
[INFO] 10:41:41:175 Inst1/(4944:4948): Dump de la clave: e3:sony:juegos correctamente hecho
[INFO] 10:41:41:176 Inst1/(4944:4948): El valor a guardar es:KingdomHearts3
[INFO] 10:41:41:176 Inst1/(4944:4948): Dump de la clave: e3:microsoft:juegos correctamente hecho
[INFO] 10:41:41:176 Inst1/(4944:4948): Finalizo dump....
[INFO] 10:41:51:178 Inst1/(4944:4948): Comienzo dump....
[INFO] 10:41:51:179 Inst1/(4944:4948): El valor a guardar es:Destiny2DLCForsaken
[INFO] 10:41:51:179 Inst1/(4944:4948): Dump de la clave: e3:sony:juegos correctamente hecho
[INFO] 10:41:51:179 Inst1/(4944:4948): El valor a guardar es:KingdomHearts3
[INFO] 10:41:51:179 Inst1/(4944:4948): Dump de la clave: e3:microsoft:juegos correctamente hecho
[INFO] 10:41:51:179 Inst1/(4944:4948): Finalizo dump....
[INFO] 10:42:01:184 Inst1/(4944:4948): Comienzo dump....
[INFO] 10:42:01:184 Inst1/(4944:4948): El valor a guardar es:Destiny2DLCForsaken
[INFO] 10:42:01:184 Inst1/(4944:4948): Dump de la clave: e3:sony:juegos correctamente hecho
[INFO] 10:42:01:184 Inst1/(4944:4948): El valor a guardar es:KingdomHearts3
[INFO] 10:42:01:184 Inst1/(4944:4948): Dump de la clave: e3:microsoft:juegos correctamente hecho
[INFO] 10:42:01:184 Inst1/(4944:4948): Finalizo dump....
[INFO] 10:42:11:184 Inst1/(4944:4948): Comienzo dump....
[INFO] 10:42:11:185 Inst1/(4944:4948): El valor a guardar es:Destiny2DLCForsaken
[INFO] 10:42:11:185 Inst1/(4944:4948): Dump de la clave: e3:sony:juegos correctamente hecho
[INFO] 10:42:11:185 Inst1/(4944:4948): El valor a guardar es:KingdomHearts3
[INFO] 10:42:11:185 Inst1/(4944:4948): Dump de la clave: e3:microsoft:juegos correctamente hecho
[INFO] 10:42:11:185 Inst1/(4944:4948): Finalizo dump....
[INFO] 10:42:21:201 Inst1/(4944:4948): Comienzo dump....
[INFO] 10:42:21:201 Inst1/(4944:4948): El valor a guardar es:Destiny2DLCForsaken
[INFO] 10:42:21:201 Inst1/(4944:4948): Dump de la clave: e3:sony:juegos correctamente hecho
[INFO] 10:42:21:201 Inst1/(4944:4948): El valor a guardar es:KingdomHearts3
[INFO] 10:42:21:201 Inst1/(4944:4948): Dump de la clave: e3:microsoft:juegos correctamente hecho
[INFO] 10:42:21:201 Inst1/(4944:4948): Finalizo dump....
[INFO] 10:42:31:205 Inst1/(4944:4948): Comienzo dump....
[INFO] 10:42:31:205 Inst1/(4944:4948): El valor a guardar es:Destiny2DLCForsaken
[INFO] 10:42:31:205 Inst1/(4944:4948): Dump de la clave: e3:sony:juegos correctamente hecho
[INFO] 10:42:31:205 Inst1/(4944:4948): El valor a guardar es:KingdomHearts3
[INFO] 10:42:31:206 Inst1/(4944:4948): Dump de la clave: e3:microsoft:juegos correctamente hecho
[INFO] 10:42:31:206 Inst1/(4944:4948): Finalizo dump....
[INFO] 10:42:41:216 Inst1/(4944:4948): Comienzo dump....
[INFO] 10:42:41:216 Inst1/(4944:4948): El valor a guardar es:Destiny2DLCForsaken
[INFO] 10:42:41:216 Inst1/(4944:4948): Dump de la clave: e3:sony:juegos correctamente hecho
[INFO] 10:42:41:216 Inst1/(4944:4948): El valor a guardar es:KingdomHearts3
[INFO] 10:42:41:216 Inst1/(4944:4948): Dump de la clave: e3:microsoft:juegos correctamente hecho
[INFO] 10:42:41:216 Inst1/(4944:4948): Finalizo dump....
[INFO] 10:42:51:218 Inst1/(4944:4948): Comienzo dump....
[INFO] 10:42:51:218 Inst1/(4944:4948): El valor a guardar es:Destiny2DLCForsaken
[INFO] 10:42:51:218 Inst1/(4944:4948): Dump de la clave: e3:sony:juegos correctamente hecho
[INFO] 10:42:51:218 Inst1/(4944:4948): El valor a guardar es:KingdomHearts3
[INFO] 10:42:51:218 Inst1/(4944:4948): Dump de la clave: e3:microsoft:juegos correctamente hecho
[INFO] 10:42:51:218 Inst1/(4944:4948): Finalizo dump....
[INFO] 10:43:01:218 Inst1/(4944:4948): Comienzo dump....
[INFO] 10:43:01:218 Inst1/(4944:4948): El valor a guardar es:Destiny2DLCForsaken
[INFO] 10:43:01:219 Inst1/(4944:4948): Dump de la clave: e3:sony:juegos correctamente hecho
[INFO] 10:43:01:219 Inst1/(4944:4948): El valor a guardar es:KingdomHearts3
[INFO] 10:43:01:219 Inst1/(4944:4948): Dump de la clave: e3:microsoft:juegos correctamente hecho
[INFO] 10:43:01:219 Inst1/(4944:4948): Finalizo dump....
[INFO] 10:43:11:221 Inst1/(4944:4948): Comienzo dump....
[INFO] 10:43:11:221 Inst1/(4944:4948): El valor a guardar es:Destiny2DLCForsaken
[INFO] 10:43:11:221 Inst1/(4944:4948): Dump de la clave: e3:sony:juegos correctamente hecho
[INFO] 10:43:11:221 Inst1/(4944:4948): El valor a guardar es:KingdomHearts3
[INFO] 10:43:11:221 Inst1/(4944:4948): Dump de la clave: e3:microsoft:juegos correctamente hecho
[INFO] 10:43:11:221 Inst1/(4944:4948): Finalizo dump....
[INFO] 10:43:21:223 Inst1/(4944:4948): Comienzo dump....
[INFO] 10:43:21:223 Inst1/(4944:4948): El valor a guardar es:Destiny2DLCForsaken
[INFO] 10:43:21:223 Inst1/(4944:4948): Dump de la clave: e3:sony:juegos correctamente hecho
[INFO] 10:43:21:223 Inst1/(4944:4948): El valor a guardar es:KingdomHearts3
[INFO] 10:43:21:223 Inst1/(4944:4948): Dump de la clave: e3:microsoft:juegos correctamente hecho
[INFO] 10:43:21:223 Inst1/(4944:4948): Finalizo dump....
[INFO] 10:43:31:230 Inst1/(4944:4948): Comienzo dump....
[INFO] 10:43:31:231 Inst1/(4944:4948): El valor a guardar es:Destiny2DLCForsaken
[INFO] 10:43:31:231 Inst1/(4944:4948): Dump de la clave: e3:sony:juegos correctamente hecho
[INFO] 10:43:31:231 Inst1/(4944:4948): El valor a guardar es:KingdomHearts3
[INFO] 10:43:31:231 Inst1/(4944:4948): Dump de la clave: e3:microsoft:juegos correctamente hecho
[INFO] 10:43:31:231 Inst1/(4944:4948): Finalizo dump....
[INFO] 10:43:41:231 Inst1/(4944:4948): Comienzo dump....
[INFO] 10:43:41:231 Inst1/(4944:4948): El valor a guardar es:Destiny2DLCForsaken
[INFO] 10:43:41:232 Inst1/(4944:4948): Dump de la clave: e3:sony:juegos correctamente hecho
[INFO] 10:43:41:232 Inst1/(4944:4948): El valor a guardar es:KingdomHearts3
[INFO] 10:43:41:232 Inst1/(4944:4948): Dump de la clave: e3:microsoft:juegos correctamente hecho
[INFO] 10:43:41:232 Inst1/(4944:4948): Finalizo dump....
[INFO] 10:43:51:233 Inst1/(4944:4948): Comienzo dump....
[INFO] 10:43:51:233 Inst1/(4944:4948): El valor a guardar es:Destiny2DLCForsaken
[INFO] 10:43:51:234 Inst1/(4944:4948): Dump de la clave: e3:sony:juegos correctamente hecho
[INFO] 10:43:51:234 Inst1/(4944:4948): El valor a guardar es:KingdomHearts3
[INFO] 10:43:51:234 Inst1/(4944:4948): Dump de la clave: e3:microsoft:juegos correctamente hecho
[INFO] 10:43:51:234 Inst1/(4944:4948): Finalizo dump....
[INFO] 10:44:01:250 Inst1/(4944:4948): Comienzo dump....
[INFO] 10:44:01:250 Inst1/(4944:4948): El valor a guardar es:Destiny2DLCForsaken
[INFO] 10:44:01:251 Inst1/(4944:4948): Dump de la clave: e3:sony:juegos correctamente hecho
[INFO] 10:44:01:251 Inst1/(4944:4948): El valor a guardar es:KingdomHearts3
[INFO] 10:44:01:251 Inst1/(4944:4948): Dump de la clave: e3:microsoft:juegos correctamente hecho
[INFO] 10:44:01:251 Inst1/(4944:4948): Finalizo dump....
[INFO] 10:44:11:251 Inst1/(4944:4948): Comienzo dump....
[INFO] 10:44:11:251 Inst1/(4944:4948): El valor a guardar es:Destiny2DLCForsaken
[INFO] 10:44:11:251 Inst1/(4944:4948): Dump de la clave: e3:sony:juegos correctamente hecho
[INFO] 10:44:11:251 Inst1/(4944:4948): El valor a guardar es:KingdomHearts3
[INFO] 10:44:11:252 Inst1/(4944:4948): Dump de la clave: e3:microsoft:juegos correctamente hecho
[INFO] 10:44:11:252 Inst1/(4944:4948): Finalizo dump....
[INFO] 10:44:21:259 Inst1/(4944:4948): Comienzo dump....
[INFO] 10:44:21:259 Inst1/(4944:4948): El valor a guardar es:Destiny2DLCForsaken
[INFO] 10:44:21:259 Inst1/(4944:4948): Dump de la clave: e3:sony:juegos correctamente hecho
[INFO] 10:44:21:259 Inst1/(4944:4948): El valor a guardar es:KingdomHearts3
[INFO] 10:44:21:260 Inst1/(4944:4948): Dump de la clave: e3:microsoft:juegos correctamente hecho
[INFO] 10:44:21:260 Inst1/(4944:4948): Finalizo dump....
[INFO] 10:44:31:260 Inst1/(4944:4948): Comienzo dump....
[INFO] 10:44:31:260 Inst1/(4944:4948): El valor a guardar es:Destiny2DLCForsaken
[INFO] 10:44:31:260 Inst1/(4944:4948): Dump de la clave: e3:sony:juegos correctamente hecho
[INFO] 10:44:31:260 Inst1/(4944:4948): El valor a guardar es:KingdomHearts3
[INFO] 10:44:31:261 Inst1/(4944:4948): Dump de la clave: e3:microsoft:juegos correctamente hecho
[INFO] 10:44:31:261 Inst1/(4944:4948): Finalizo dump....
[INFO] 10:44:41:266 Inst1/(4944:4948): Comienzo dump....
[INFO] 10:44:41:266 Inst1/(4944:4948): El valor a guardar es:Destiny2DLCForsaken
[INFO] 10:44:41:267 Inst1/(4944:4948): Dump de la clave: e3:sony:juegos correctamente hecho
[INFO] 10:44:41:267 Inst1/(4944:4948): El valor a guardar es:KingdomHearts3
[INFO] 10:44:41:267 Inst1/(4944:4948): Dump de la clave: e3:microsoft:juegos correctamente hecho
[INFO] 10:44:41:267 Inst1/(4944:4948): Finalizo dump....
[INFO] 10:44:51:268 Inst1/(4944:4948): Comienzo dump....
[INFO] 10:44:51:268 Inst1/(4944:4948): El valor a guardar es:Destiny2DLCForsaken
[INFO] 10:44:51:268 Inst1/(4944:4948): Dump de la clave: e3:sony:juegos correctamente hecho
[INFO] 10:44:51:268 Inst1/(4944:4948): El valor a guardar es:KingdomHearts3
[INFO] 10:44:51:268 Inst1/(4944:4948): Dump de la clave: e3:microsoft:juegos correctamente hecho
[INFO] 10:44:51:268 Inst1/(4944:4948): Finalizo dump....
[INFO] 10:45:01:275 Inst1/(4944:4948): Comienzo dump....
[INFO] 10:45:01:275 Inst1/(4944:4948): El valor a guardar es:Destiny2DLCForsaken
[INFO] 10:45:01:275 Inst1/(4944:4948): Dump de la clave: e3:sony:juegos correctamente hecho
[INFO] 10:45:01:275 Inst1/(4944:4948): El valor a guardar es:KingdomHearts3
[INFO] 10:45:01:275 Inst1/(4944:4948): Dump de la clave: e3:microsoft:juegos correctamente hecho
[INFO] 10:45:01:275 Inst1/(4944:4948): Finalizo dump....
[INFO] 10:45:11:276 Inst1/(4944:4948): Comienzo dump....
[INFO] 10:45:11:276 Inst1/(4944:4948): El valor a guardar es:Destiny2DLCForsaken
[INFO] 10:45:11:276 Inst1/(4944:4948): Dump de la clave: e3:sony:juegos correctamente hecho
[INFO] 10:45:11:276 Inst1/(4944:4948): El valor a guardar es:KingdomHearts3
[INFO] 10:45:11:276 Inst1/(4944:4948): Dump de la clave: e3:microsoft:juegos correctamente hecho
[INFO] 10:45:11:276 Inst1/(4944:4948): Finalizo dump....
[INFO] 10:45:21:277 Inst1/(4944:4948): Comienzo dump....
[INFO] 10:45:21:277 Inst1/(4944:4948): El valor a guardar es:Destiny2DLCForsaken
[INFO] 10:45:21:277 Inst1/(4944:4948): Dump de la clave: e3:sony:juegos correctamente hecho
[INFO] 10:45:21:277 Inst1/(4944:4948): El valor a guardar es:KingdomHearts3
[INFO] 10:45:21:277 Inst1/(4944:4948): Dump de la clave: e3:microsoft:juegos correctamente hecho
[INFO] 10:45:21:277 Inst1/(4944:4948): Finalizo dump....
[INFO] 10:45:31:280 Inst1/(4944:4948): Comienzo dump....
[INFO] 10:45:31:280 Inst1/(4944:4948): El valor a guardar es:Destiny2DLCForsaken
[INFO] 10:45:31:280 Inst1/(4944:4948): Dump de la clave: e3:sony:juegos correctamente hecho
[INFO] 10:45:31:280 Inst1/(4944:4948): El valor a guardar es:KingdomHearts3
[INFO] 10:45:31:280 Inst1/(4944:4948): Dump de la clave: e3:microsoft:juegos correctamente hecho
[INFO] 10:45:31:280 Inst1/(4944:4948): Finalizo dump....
[INFO] 10:45:41:281 Inst1/(4944:4948): Comienzo dump....
[INFO] 10:45:41:281 Inst1/(4944:4948): El valor a guardar es:Destiny2DLCForsaken
[INFO] 10:45:41:281 Inst1/(4944:4948): Dump de la clave: e3:sony:juegos correctamente hecho
[INFO] 10:45:41:281 Inst1/(4944:4948): El valor a guardar es:KingdomHearts3
[INFO] 10:45:41:281 Inst1/(4944:4948): Dump de la clave: e3:microsoft:juegos correctamente hecho
[INFO] 10:45:41:281 Inst1/(4944:4948): Finalizo dump....
[INFO] 10:45:51:283 Inst1/(4944:4948): Comienzo dump....
[INFO] 10:45:51:283 Inst1/(4944:4948): El valor a guardar es:Destiny2DLCForsaken
[INFO] 10:45:51:283 Inst1/(4944:4948): Dump de la clave: e3:sony:juegos correctamente hecho
[INFO] 10:45:51:283 Inst1/(4944:4948): El valor a guardar es:KingdomHearts3
[INFO] 10:45:51:283 Inst1/(4944:4948): Dump de la clave: e3:microsoft:juegos correctamente hecho
[INFO] 10:45:51:283 Inst1/(4944:4948): Finalizo dump....
[INFO] 10:46:01:284 Inst1/(4944:4948): Comienzo dump....
[INFO] 10:46:01:285 Inst1/(4944:4948): El valor a guardar es:Destiny2DLCForsaken
[INFO] 10:46:01:285 Inst1/(4944:4948): Dump de la clave: e3:sony:juegos correctamente hecho
[INFO] 10:46:01:285 Inst1/(4944:4948): El valor a guardar es:KingdomHearts3
[INFO] 10:46:01:285 Inst1/(4944:4948): Dump de la clave: e3:microsoft:juegos correctamente hecho
[INFO] 10:46:01:285 Inst1/(4944:4948): Finalizo dump....
[INFO] 10:46:11:286 Inst1/(4944:4948): Comienzo dump....
[INFO] 10:46:11:286 Inst1/(4944:4948): El valor a guardar es:Destiny2DLCForsaken
[INFO] 10:46:11:286 Inst1/(4944:4948): Dump de la clave: e3:sony:juegos correctamente hecho
[INFO] 10:46:11:286 Inst1/(4944:4948): El valor a guardar es:KingdomHearts3
[INFO] 10:46:11:286 Inst1/(4944:4948): Dump de la clave: e3:microsoft:juegos correctamente hecho
[INFO] 10:46:11:286 Inst1/(4944:4948): Finalizo dump....
[INFO] 10:46:21:287 Inst1/(4944:4948): Comienzo dump....
[INFO] 10:46:21:287 Inst1/(4944:4948): El valor a guardar es:Destiny2DLCForsaken
[INFO] 10:46:21:287 Inst1/(4944:4948): Dump de la clave: e3:sony:juegos correctamente hecho
[INFO] 10:46:21:287 Inst1/(4944:4948): El valor a guardar es:KingdomHearts3
[INFO] 10:46:21:287 Inst1/(4944:4948): Dump de la clave: e3:microsoft:juegos correctamente hecho
[INFO] 10:46:21:287 Inst1/(4944:4948): Finalizo dump....
[INFO] 10:46:31:289 Inst1/(4944:4948): Comienzo dump....
[INFO] 10:46:31:289 Inst1/(4944:4948): El valor a guardar es:Destiny2DLCForsaken
[INFO] 10:46:31:289 Inst1/(4944:4948): Dump de la clave: e3:sony:juegos correctamente hecho
[INFO] 10:46:31:289 Inst1/(4944:4948): El valor a guardar es:KingdomHearts3
[INFO] 10:46:31:289 Inst1/(4944:4948): Dump de la clave: e3:microsoft:juegos correctamente hecho
[INFO] 10:46:31:289 Inst1/(4944:4948): Finalizo dump....
[INFO] 10:46:41:290 Inst1/(4944:4948): Comienzo dump....
[INFO] 10:46:41:290 Inst1/(4944:4948): El valor a guardar es:Destiny2DLCForsaken
[INFO] 10:46:41:290 Inst1/(4944:4948): Dump de la clave: e3:sony:juegos correctamente hecho
[INFO] 10:46:41:290 Inst1/(4944:4948): El valor a guardar es:KingdomHearts3
[INFO] 10:46:41:291 Inst1/(4944:4948): Dump de la clave: e3:microsoft:juegos correctamente hecho
[INFO] 10:46:41:291 Inst1/(4944:4948): Finalizo dump....
[INFO] 10:46:51:291 Inst1/(4944:4948): Comienzo dump....
[INFO] 10:46:51:292 Inst1/(4944:4948): El valor a guardar es:Destiny2DLCForsaken
[INFO] 10:46:51:292 Inst1/(4944:4948): Dump de la clave: e3:sony:juegos correctamente hecho
[INFO] 10:46:51:292 Inst1/(4944:4948): El valor a guardar es:KingdomHearts3
[INFO] 10:46:51:292 Inst1/(4944:4948): Dump de la clave: e3:microsoft:juegos correctamente hecho
[INFO] 10:46:51:292 Inst1/(4944:4948): Finalizo dump....
[INFO] 10:47:01:293 Inst1/(4944:4948): Comienzo dump....
[INFO] 10:47:01:293 Inst1/(4944:4948): El valor a guardar es:Destiny2DLCForsaken
[INFO] 10:47:01:293 Inst1/(4944:4948): Dump de la clave: e3:sony:juegos correctamente hecho
[INFO] 10:47:01:293 Inst1/(4944:4948): El valor a guardar es:KingdomHearts3
[INFO] 10:47:01:294 Inst1/(4944:4948): Dump de la clave: e3:microsoft:juegos correctamente hecho
[INFO] 10:47:01:294 Inst1/(4944:4948): Finalizo dump....
[INFO] 10:47:11:294 Inst1/(4944:4948): Comienzo dump....
[INFO] 10:47:11:294 Inst1/(4944:4948): El valor a guardar es:Destiny2DLCForsaken
[INFO] 10:47:11:294 Inst1/(4944:4948): Dump de la clave: e3:sony:juegos correctamente hecho
[INFO] 10:47:11:294 Inst1/(4944:4948): El valor a guardar es:KingdomHearts3
[INFO] 10:47:11:294 Inst1/(4944:4948): Dump de la clave: e3:microsoft:juegos correctamente hecho
[INFO] 10:47:11:294 Inst1/(4944:4948): Finalizo dump....
[INFO] 10:47:21:297 Inst1/(4944:4948): Comienzo dump....
[INFO] 10:47:21:297 Inst1/(4944:4948): El valor a guardar es:Destiny2DLCForsaken
[INFO] 10:47:21:297 Inst1/(4944:4948): Dump de la clave: e3:sony:juegos correctamente hecho
[INFO] 10:47:21:297 Inst1/(4944:4948): El valor a guardar es:KingdomHearts3
[INFO] 10:47:21:297 Inst1/(4944:4948): Dump de la clave: e3:microsoft:juegos correctamente hecho
[INFO] 10:47:21:297 Inst1/(4944:4948): Finalizo dump....
[INFO] 10:47:31:298 Inst1/(4944:4948): Comienzo dump....
[INFO] 10:47:31:298 Inst1/(4944:4948): El valor a guardar es:Destiny2DLCForsaken
[INFO] 10:47:31:298 Inst1/(4944:4948): Dump de la clave: e3:sony:juegos correctamente hecho
[INFO] 10:47:31:298 Inst1/(4944:4948): El valor a guardar es:KingdomHearts3
[INFO] 10:47:31:298 Inst1/(4944:4948): Dump de la clave: e3:microsoft:juegos correctamente hecho
[INFO] 10:47:31:298 Inst1/(4944:4948): Finalizo dump....
[INFO] 10:47:41:299 Inst1/(4944:4948): Comienzo dump....
[INFO] 10:47:41:299 Inst1/(4944:4948): El valor a guardar es:Destiny2DLCForsaken
[INFO] 10:47:41:299 Inst1/(4944:4948): Dump de la clave: e3:sony:juegos correctamente hecho
[INFO] 10:47:41:299 Inst1/(4944:4948): El valor a guardar es:KingdomHearts3
[INFO] 10:47:41:300 Inst1/(4944:4948): Dump de la clave: e3:microsoft:juegos correctamente hecho
[INFO] 10:47:41:300 Inst1/(4944:4948): Finalizo dump....
[INFO] 10:47:51:301 Inst1/(4944:4948): Comienzo dump....
[INFO] 10:47:51:302 Inst1/(4944:4948): El valor a guardar es:Destiny2DLCForsaken
[INFO] 10:47:51:302 Inst1/(4944:4948): Dump de la clave: e3:sony:juegos correctamente hecho
[INFO] 10:47:51:302 Inst1/(4944:4948): El valor a guardar es:KingdomHearts3
[INFO] 10:47:51:302 Inst1/(4944:4948): Dump de la clave: e3:microsoft:juegos correctamente hecho
[INFO] 10:47:51:302 Inst1/(4944:4948): Finalizo dump....
[INFO] 10:48:01:303 Inst1/(4944:4948): Comienzo dump....
[INFO] 10:48:01:304 Inst1/(4944:4948): El valor a guardar es:Destiny2DLCForsaken
[INFO] 10:48:01:304 Inst1/(4944:4948): Dump de la clave: e3:sony:juegos correctamente hecho
[INFO] 10:48:01:304 Inst1/(4944:4948): El valor a guardar es:KingdomHearts3
[INFO] 10:48:01:304 Inst1/(4944:4948): Dump de la clave: e3:microsoft:juegos correctamente hecho
[INFO] 10:48:01:304 Inst1/(4944:4948): Finalizo dump....
[INFO] 10:48:11:304 Inst1/(4944:4948): Comienzo dump....
[INFO] 10:48:11:304 Inst1/(4944:4948): El valor a guardar es:Destiny2DLCForsaken
[INFO] 10:48:11:304 Inst1/(4944:4948): Dump de la clave: e3:sony:juegos correctamente hecho
[INFO] 10:48:11:304 Inst1/(4944:4948): El valor a guardar es:KingdomHearts3
[INFO] 10:48:11:304 Inst1/(4944:4948): Dump de la clave: e3:microsoft:juegos correctamente hecho
[INFO] 10:48:11:305 Inst1/(4944:4948): Finalizo dump....
[INFO] 10:48:21:305 Inst1/(4944:4948): Comienzo dump....
[INFO] 10:48:21:305 Inst1/(4944:4948): El valor a guardar es:Destiny2DLCForsaken
[INFO] 10:48:21:305 Inst1/(4944:4948): Dump de la clave: e3:sony:juegos correctamente hecho
[INFO] 10:48:21:306 Inst1/(4944:4948): El valor a guardar es:KingdomHearts3
[INFO] 10:48:21:306 Inst1/(4944:4948): Dump de la clave: e3:microsoft:juegos correctamente hecho
[INFO] 10:48:21:306 Inst1/(4944:4948): Finalizo dump....
[ERROR] 10:48:28:377 Inst1/(4944:4944): Coordinador desconectado
