23:31:02 **** Incremental Build of configuration Debug for project tp0-servi ****
make all 
Building file: ../src/servidor.c
Invoking: GCC C Compiler
gcc -O0 -g3 -Wall -c -fmessage-length=0 -MMD -MP -MF"src/servidor.d" -MT"src/servidor.d" -o "src/servidor.o" "../src/servidor.c"
../src/servidor.c: In function ‘levantarServidor’:
../src/servidor.c:178:63: warning: pointer targets in passing argument 3 of ‘accept’ differ in signedness [-Wpointer-sign]
   if ((datosCliente->idSocketCliente = accept(sockfd, (struct sockaddr *) &their_addr, &sin_size))
                                                               ^
In file included from /usr/include/netinet/in.h:23:0,
                 from ../src/servidor.h:11,
                 from ../src/servidor.c:7:
/usr/include/i386-linux-gnu/sys/socket.h:243:12: note: expected ‘socklen_t * __restrict__’ but argument is of type ‘int *’
 extern int accept (int __fd, __SOCKADDR_ARG __addr,
            ^
Finished building: ../src/servidor.c
 
Building target: tp0-servi
Invoking: GCC C Linker
gcc  -o "tp0-servi"  ./src/moduloServidor.o ./src/servidor.o   -lcrypto
Finished building target: tp0-servi
 

23:31:02 Build Finished (took 157ms)

