[INFO] 10:35:25:419 tp-redistinto/(4906:4906): Empezamos.....
[INFO] 10:35:25:419 tp-redistinto/(4906:4907): Saludo recibido: Hola, soy el COORDINADOR
[INFO] 10:35:25:419 tp-redistinto/(4906:4907): Saludo enviado correctamente
[INFO] 10:35:25:421 tp-redistinto/(4906:4909): Se cargo la clave:postre:ingrediente1 bloqueada INICIALMENTE
[INFO] 10:35:25:421 tp-redistinto/(4906:4909): Se creo el socket correctamente
[INFO] 10:35:25:421 tp-redistinto/(4906:4909): Servidor planificador escuchando!!!
[INFO] 10:40:47:59 tp-redistinto/(4906:4909): Se conecto el ESI de ID: 1
[INFO] 10:40:47:59 tp-redistinto/(4906:4909): ESI id: 1 se agrego a LISTA de READY
[INFO] 10:40:47:59 tp-redistinto/(4906:4909): Saludo enviado correctamente
[INFO] 10:40:47:59 tp-redistinto/(4906:4909): ESI id: 1 mando saludo: Hola, soy el ESI
[INFO] 10:40:47:59 tp-redistinto/(4906:4909): Envie permiso de ejecucion linea: 1 al ESI de ID: 1 ESTIMACION: 3.000000
[INFO] 10:40:47:59 tp-redistinto/(4906:4907): Coordinador envio GET clave: e3:sony:juegos del ESI ID: 1
[INFO] 10:40:47:59 tp-redistinto/(4906:4907): Registro que ahora la clave:e3:sony:juegos lo tomo el ESI ID:1
[INFO] 10:40:47:59 tp-redistinto/(4906:4907): Envié respuesta de la ejecucion de la operacion al coordinador
[INFO] 10:40:47:60 tp-redistinto/(4906:4909): ESI id: 1 envio respuesta: OK
[INFO] 10:40:47:60 tp-redistinto/(4906:4909): ESI 1 tiene ahora 1 sentencias hechas
[INFO] 10:40:47:60 tp-redistinto/(4906:4909): Envie permiso de ejecucion linea: 2 al ESI de ID: 1 ESTIMACION: 3.000000
[INFO] 10:40:47:60 tp-redistinto/(4906:4907): Coordinador envio GET clave: e3:microsoft:juegos del ESI ID: 1
[INFO] 10:40:47:60 tp-redistinto/(4906:4907): Registro que ahora la clave:e3:microsoft:juegos lo tomo el ESI ID:1
[INFO] 10:40:47:60 tp-redistinto/(4906:4907): Envié respuesta de la ejecucion de la operacion al coordinador
[INFO] 10:40:47:60 tp-redistinto/(4906:4909): ESI id: 1 envio respuesta: OK
[INFO] 10:40:47:60 tp-redistinto/(4906:4909): ESI 1 tiene ahora 2 sentencias hechas
[INFO] 10:40:47:60 tp-redistinto/(4906:4909): Envie permiso de ejecucion linea: 3 al ESI de ID: 1 ESTIMACION: 3.000000
[INFO] 10:40:47:61 tp-redistinto/(4906:4907): Coordinador envio pedido para controlar si la clave: e3:sony:juegos esta bloqueada por el esi id: 1
[INFO] 10:40:47:61 tp-redistinto/(4906:4907): Envié respuesta de la ejecucion de la operacion al coordinador
[INFO] 10:40:47:62 tp-redistinto/(4906:4909): ESI id: 1 envio respuesta: OK
[INFO] 10:40:47:62 tp-redistinto/(4906:4909): ESI 1 tiene ahora 3 sentencias hechas
[INFO] 10:40:47:62 tp-redistinto/(4906:4909): Envie permiso de ejecucion linea: 4 al ESI de ID: 1 ESTIMACION: 3.000000
[INFO] 10:40:47:62 tp-redistinto/(4906:4907): Coordinador envio pedido para controlar si la clave: e3:sony:juegos esta bloqueada por el esi id: 1
[INFO] 10:40:47:62 tp-redistinto/(4906:4907): Envié respuesta de la ejecucion de la operacion al coordinador
[INFO] 10:40:47:64 tp-redistinto/(4906:4909): ESI id: 1 envio respuesta: OK
[INFO] 10:40:47:64 tp-redistinto/(4906:4909): ESI 1 tiene ahora 4 sentencias hechas
[INFO] 10:40:47:64 tp-redistinto/(4906:4909): Envie permiso de ejecucion linea: 5 al ESI de ID: 1 ESTIMACION: 3.000000
[INFO] 10:40:47:64 tp-redistinto/(4906:4907): Coordinador envio pedido para controlar si la clave: e3:sony:juegos esta bloqueada por el esi id: 1
[INFO] 10:40:47:64 tp-redistinto/(4906:4907): Envié respuesta de la ejecucion de la operacion al coordinador
[INFO] 10:40:47:65 tp-redistinto/(4906:4909): ESI id: 1 envio respuesta: OK
[INFO] 10:40:47:65 tp-redistinto/(4906:4909): ESI 1 tiene ahora 5 sentencias hechas
[INFO] 10:40:47:65 tp-redistinto/(4906:4909): Envie permiso de ejecucion linea: 6 al ESI de ID: 1 ESTIMACION: 3.000000
[INFO] 10:40:47:66 tp-redistinto/(4906:4907): Coordinador envio pedido para controlar si la clave: e3:sony:juegos esta bloqueada por el esi id: 1
[INFO] 10:40:47:66 tp-redistinto/(4906:4907): Envié respuesta de la ejecucion de la operacion al coordinador
[INFO] 10:40:47:67 tp-redistinto/(4906:4909): ESI id: 1 envio respuesta: OK
[INFO] 10:40:47:67 tp-redistinto/(4906:4909): ESI 1 tiene ahora 6 sentencias hechas
[INFO] 10:40:47:67 tp-redistinto/(4906:4909): Envie permiso de ejecucion linea: 7 al ESI de ID: 1 ESTIMACION: 3.000000
[INFO] 10:40:47:67 tp-redistinto/(4906:4907): Coordinador envio pedido para controlar si la clave: e3:sony:juegos esta bloqueada por el esi id: 1
[INFO] 10:40:47:68 tp-redistinto/(4906:4907): Envié respuesta de la ejecucion de la operacion al coordinador
[INFO] 10:40:47:69 tp-redistinto/(4906:4909): ESI id: 1 envio respuesta: OK
[INFO] 10:40:47:69 tp-redistinto/(4906:4909): ESI 1 tiene ahora 7 sentencias hechas
[INFO] 10:40:47:69 tp-redistinto/(4906:4909): Envie permiso de ejecucion linea: 8 al ESI de ID: 1 ESTIMACION: 3.000000
[INFO] 10:40:47:69 tp-redistinto/(4906:4907): Coordinador envio pedido para controlar si la clave: e3:sony:juegos esta bloqueada por el esi id: 1
[INFO] 10:40:47:69 tp-redistinto/(4906:4907): Envié respuesta de la ejecucion de la operacion al coordinador
[INFO] 10:40:47:71 tp-redistinto/(4906:4909): ESI id: 1 envio respuesta: OK
[INFO] 10:40:47:71 tp-redistinto/(4906:4909): ESI 1 tiene ahora 8 sentencias hechas
[INFO] 10:40:47:71 tp-redistinto/(4906:4909): Envie permiso de ejecucion linea: 9 al ESI de ID: 1 ESTIMACION: 3.000000
[INFO] 10:40:47:73 tp-redistinto/(4906:4907): Coordinador envio pedido para controlar si la clave: e3:microsoft:juegos esta bloqueada por el esi id: 1
[INFO] 10:40:47:73 tp-redistinto/(4906:4907): Envié respuesta de la ejecucion de la operacion al coordinador
[INFO] 10:40:47:75 tp-redistinto/(4906:4909): ESI id: 1 envio respuesta: OK
[INFO] 10:40:47:75 tp-redistinto/(4906:4909): ESI 1 tiene ahora 9 sentencias hechas
[INFO] 10:40:47:75 tp-redistinto/(4906:4909): Envie permiso de ejecucion linea: 10 al ESI de ID: 1 ESTIMACION: 3.000000
[INFO] 10:40:47:75 tp-redistinto/(4906:4907): Coordinador envio pedido para controlar si la clave: e3:microsoft:juegos esta bloqueada por el esi id: 1
[INFO] 10:40:47:75 tp-redistinto/(4906:4907): Envié respuesta de la ejecucion de la operacion al coordinador
[INFO] 10:40:47:76 tp-redistinto/(4906:4909): ESI id: 1 envio respuesta: OK
[INFO] 10:40:47:76 tp-redistinto/(4906:4909): ESI 1 tiene ahora 10 sentencias hechas
[INFO] 10:40:47:76 tp-redistinto/(4906:4909): Envie permiso de ejecucion linea: 11 al ESI de ID: 1 ESTIMACION: 3.000000
[INFO] 10:40:47:77 tp-redistinto/(4906:4907): Coordinador envio pedido para controlar si la clave: e3:microsoft:juegos esta bloqueada por el esi id: 1
[INFO] 10:40:47:77 tp-redistinto/(4906:4907): Envié respuesta de la ejecucion de la operacion al coordinador
[INFO] 10:40:47:78 tp-redistinto/(4906:4909): ESI id: 1 envio respuesta: OK
[INFO] 10:40:47:78 tp-redistinto/(4906:4909): ESI 1 tiene ahora 11 sentencias hechas
[INFO] 10:40:47:78 tp-redistinto/(4906:4909): Envie permiso de ejecucion linea: 12 al ESI de ID: 1 ESTIMACION: 3.000000
[INFO] 10:40:47:78 tp-redistinto/(4906:4907): Coordinador envio pedido para controlar si la clave: e3:microsoft:juegos esta bloqueada por el esi id: 1
[INFO] 10:40:47:78 tp-redistinto/(4906:4907): Envié respuesta de la ejecucion de la operacion al coordinador
[INFO] 10:40:47:80 tp-redistinto/(4906:4909): ESI id: 1 envio respuesta: OK
[INFO] 10:40:47:80 tp-redistinto/(4906:4909): ESI 1 tiene ahora 12 sentencias hechas
[INFO] 10:40:47:80 tp-redistinto/(4906:4909): Envie permiso de ejecucion linea: 13 al ESI de ID: 1 ESTIMACION: 3.000000
[INFO] 10:40:47:81 tp-redistinto/(4906:4907): Coordinador envio pedido para controlar si la clave: e3:microsoft:juegos esta bloqueada por el esi id: 1
[INFO] 10:40:47:81 tp-redistinto/(4906:4907): Envié respuesta de la ejecucion de la operacion al coordinador
[INFO] 10:40:47:82 tp-redistinto/(4906:4909): ESI id: 1 envio respuesta: OK
[INFO] 10:40:47:82 tp-redistinto/(4906:4909): ESI 1 tiene ahora 13 sentencias hechas
[INFO] 10:40:47:82 tp-redistinto/(4906:4909): Envie permiso de ejecucion linea: 14 al ESI de ID: 1 ESTIMACION: 3.000000
[INFO] 10:40:47:82 tp-redistinto/(4906:4907): Coordinador envio pedido para controlar si la clave: e3:microsoft:juegos esta bloqueada por el esi id: 1
[INFO] 10:40:47:83 tp-redistinto/(4906:4907): Envié respuesta de la ejecucion de la operacion al coordinador
[INFO] 10:40:47:84 tp-redistinto/(4906:4909): ESI id: 1 envio respuesta: OK
[INFO] 10:40:47:84 tp-redistinto/(4906:4909): ESI 1 tiene ahora 14 sentencias hechas
[INFO] 10:40:47:84 tp-redistinto/(4906:4909): Envie permiso de ejecucion linea: 15 al ESI de ID: 1 ESTIMACION: 3.000000
[INFO] 10:40:47:85 tp-redistinto/(4906:4907): Coordinador envio pedido para controlar si la clave: e3:microsoft:juegos esta bloqueada por el esi id: 1
[INFO] 10:40:47:85 tp-redistinto/(4906:4907): Envié respuesta de la ejecucion de la operacion al coordinador
[INFO] 10:40:47:86 tp-redistinto/(4906:4909): ESI id: 1 envio respuesta: OK
[INFO] 10:40:47:86 tp-redistinto/(4906:4909): ESI 1 tiene ahora 15 sentencias hechas
[INFO] 10:40:47:86 tp-redistinto/(4906:4909): Envie permiso de ejecucion linea: 16 al ESI de ID: 1 ESTIMACION: 3.000000
[INFO] 10:40:47:87 tp-redistinto/(4906:4907): Coordinador envio pedido para controlar si la clave: e3:microsoft:juegos esta bloqueada por el esi id: 1
[INFO] 10:40:47:87 tp-redistinto/(4906:4907): Envié respuesta de la ejecucion de la operacion al coordinador
[INFO] 10:40:47:90 tp-redistinto/(4906:4909): ESI id: 1 envio respuesta: OK
[INFO] 10:40:47:90 tp-redistinto/(4906:4909): ESI 1 tiene ahora 16 sentencias hechas
[INFO] 10:40:47:90 tp-redistinto/(4906:4909): Envie permiso de ejecucion linea: 17 al ESI de ID: 1 ESTIMACION: 3.000000
[INFO] 10:40:47:93 tp-redistinto/(4906:4907): Coordinador envio pedido para controlar si la clave: e3:microsoft:juegos esta bloqueada por el esi id: 1
[INFO] 10:40:47:93 tp-redistinto/(4906:4907): Envié respuesta de la ejecucion de la operacion al coordinador
[INFO] 10:40:47:95 tp-redistinto/(4906:4909): ESI id: 1 envio respuesta: OK
[INFO] 10:40:47:95 tp-redistinto/(4906:4909): ESI 1 tiene ahora 17 sentencias hechas
[INFO] 10:40:47:95 tp-redistinto/(4906:4909): Envie permiso de ejecucion linea: 18 al ESI de ID: 1 ESTIMACION: 3.000000
[INFO] 10:40:47:95 tp-redistinto/(4906:4907): Coordinador envio pedido para controlar si la clave: e3:microsoft:juegos esta bloqueada por el esi id: 1
[INFO] 10:40:47:95 tp-redistinto/(4906:4907): Envié respuesta de la ejecucion de la operacion al coordinador
[INFO] 10:40:47:97 tp-redistinto/(4906:4909): ESI id: 1 envio respuesta: OK
[INFO] 10:40:47:97 tp-redistinto/(4906:4909): ESI 1 tiene ahora 18 sentencias hechas
[INFO] 10:40:47:97 tp-redistinto/(4906:4909): Envie permiso de ejecucion linea: 19 al ESI de ID: 1 ESTIMACION: 3.000000
[INFO] 10:40:47:97 tp-redistinto/(4906:4907): Coordinador envio pedido para controlar si la clave: e3:microsoft:juegos esta bloqueada por el esi id: 1
[INFO] 10:40:47:97 tp-redistinto/(4906:4907): Envié respuesta de la ejecucion de la operacion al coordinador
[INFO] 10:40:47:97 tp-redistinto/(4906:4907): Coordinador envio STORE clave: e3:microsoft:juegos del ESI ID: 1
[INFO] 10:40:47:97 tp-redistinto/(4906:4907): Libero la clave:e3:microsoft:juegos que tenia tomado el ESI ID:1
[INFO] 10:40:47:97 tp-redistinto/(4906:4907): No hay ningun ESI para desbloquear por la clave: e3:microsoft:juegos
[INFO] 10:40:47:97 tp-redistinto/(4906:4907): Envié respuesta de la ejecucion de la operacion al coordinador
[INFO] 10:40:47:98 tp-redistinto/(4906:4909): ESI id: 1 envio respuesta: OK
[INFO] 10:40:47:98 tp-redistinto/(4906:4909): ESI 1 tiene ahora 19 sentencias hechas
[INFO] 10:40:47:98 tp-redistinto/(4906:4909): Envie permiso de ejecucion linea: 20 al ESI de ID: 1 ESTIMACION: 3.000000
[INFO] 10:40:47:98 tp-redistinto/(4906:4907): Coordinador envio pedido para controlar si la clave: e3:sony:juegos esta bloqueada por el esi id: 1
[INFO] 10:40:47:98 tp-redistinto/(4906:4907): Envié respuesta de la ejecucion de la operacion al coordinador
[INFO] 10:40:47:98 tp-redistinto/(4906:4907): Coordinador envio STORE clave: e3:sony:juegos del ESI ID: 1
[INFO] 10:40:47:98 tp-redistinto/(4906:4907): Libero la clave:e3:sony:juegos que tenia tomado el ESI ID:1
[INFO] 10:40:47:98 tp-redistinto/(4906:4907): No hay ningun ESI para desbloquear por la clave: e3:sony:juegos
[INFO] 10:40:47:98 tp-redistinto/(4906:4907): Envié respuesta de la ejecucion de la operacion al coordinador
[INFO] 10:40:47:99 tp-redistinto/(4906:4909): ESI id: 1 envio respuesta: OK
[INFO] 10:40:47:99 tp-redistinto/(4906:4909): ESI 1 tiene ahora 20 sentencias hechas
[INFO] 10:40:47:99 tp-redistinto/(4906:4909): Envie permiso de ejecucion linea: 21 al ESI de ID: 1 ESTIMACION: 3.000000
[INFO] 10:40:47:99 tp-redistinto/(4906:4909): ESI id: 1 envio respuesta: TERMINE DE LEER TODO CAPO, nos despedimos de el!
[ERROR] 10:48:28:375 tp-redistinto/(4906:4906): Finalizó con una interrupcion :'(, codigo: 2!!

