18:35:14 **** Incremental Build of configuration Debug for project esi.c ****
make all 
Building file: ../src/archivo.c
Invoking: GCC C Compiler
gcc -O0 -g3 -Wall -c -fmessage-length=0 -MMD -MP -MF"src/archivo.d" -MT"src/archivo.d" -o "src/archivo.o" "../src/archivo.c"
Finished building: ../src/archivo.c
 
Building file: ../src/esi.c
Invoking: GCC C Compiler
gcc -O0 -g3 -Wall -c -fmessage-length=0 -MMD -MP -MF"src/esi.d" -MT"src/esi.d" -o "src/esi.o" "../src/esi.c"
Finished building: ../src/esi.c
 
Building target: esi.c
Invoking: GCC C Linker
gcc  -o "esi.c"  ./src/archivo.o ./src/esi.o   
./src/archivo.o: En la funci贸n `txt_save_in_list':
/home/utnso/workspace/tp-2018-1c-Real-Mandril/tp/esi.c/Debug/../src/archivo.c:81: referencia a `list_create' sin definir
/home/utnso/workspace/tp-2018-1c-Real-Mandril/tp/esi.c/Debug/../src/archivo.c:91: referencia a `list_add' sin definir
./src/archivo.o: En la funci贸n `txt_order_list':
/home/utnso/workspace/tp-2018-1c-Real-Mandril/tp/esi.c/Debug/../src/archivo.c:136: referencia a `list_sort' sin definir
./src/archivo.o: En la funci贸n `txt_save_in_file':
/home/utnso/workspace/tp-2018-1c-Real-Mandril/tp/esi.c/Debug/../src/archivo.c:155: referencia a `list_iterate' sin definir
./src/archivo.o: En la funci贸n `txt_clear_list':
/home/utnso/workspace/tp-2018-1c-Real-Mandril/tp/esi.c/Debug/../src/archivo.c:174: referencia a `list_destroy_and_destroy_elements' sin definir
collect2: error: ld returned 1 exit status
make: *** [esi.c] Error 1

18:35:14 Build Finished (took 176ms)

