13:03:04 **** Build of configuration Debug for project coordinador ****
make all 
Building file: ../src/coordinador.c
Invoking: GCC C Compiler
gcc -O0 -g3 -Wall -c -fmessage-length=0 -MMD -MP -MF"src/coordinador.d" -MT"src/coordinador.o" -o "src/coordinador.o" "../src/coordinador.c"
Finished building: ../src/coordinador.c
 
Building file: ../src/servidor.c
Invoking: GCC C Compiler
gcc -O0 -g3 -Wall -c -fmessage-length=0 -MMD -MP -MF"src/servidor.d" -MT"src/servidor.o" -o "src/servidor.o" "../src/servidor.c"
../src/servidor.c: In function ‘levantar_servidor_coordinador’:
../src/servidor.c:256:38: warning: pointer targets in passing argument 3 of ‘accept’ differ in signedness [-Wpointer-sign]
     (struct sockaddr *) &their_addr, &sin_size)) == -1) {
                                      ^
In file included from /usr/include/netinet/in.h:23:0,
                 from ../src/servidor.h:11,
                 from ../src/servidor.c:1:
/usr/include/i386-linux-gnu/sys/socket.h:243:12: note: expected ‘socklen_t * restrict {aka unsigned int * restrict}’ but argument is of type ‘int *’
 extern int accept (int __fd, __SOCKADDR_ARG __addr,
            ^
Finished building: ../src/servidor.c
 
Building target: coordinador
Invoking: GCC C Linker
gcc  -o "coordinador"  ./src/coordinador.o ./src/servidor.o   -lcommons -lpthread
Finished building target: coordinador
 
13:03:04 **** Build of configuration Debug for project esi ****
make all 
Building file: ../src/archivo.c
Invoking: GCC C Compiler
gcc -O0 -g3 -Wall -c -fmessage-length=0 -MMD -MP -MF"src/archivo.d" -MT"src/archivo.o" -o "src/archivo.o" "../src/archivo.c"
Finished building: ../src/archivo.c
 
Building file: ../src/cliente.c
Invoking: GCC C Compiler
gcc -O0 -g3 -Wall -c -fmessage-length=0 -MMD -MP -MF"src/cliente.d" -MT"src/cliente.o" -o "src/cliente.o" "../src/cliente.c"
Finished building: ../src/cliente.c
 
Building file: ../src/esi.c
Invoking: GCC C Compiler
gcc -O0 -g3 -Wall -c -fmessage-length=0 -MMD -MP -MF"src/esi.d" -MT"src/esi.o" -o "src/esi.o" "../src/esi.c"
Finished building: ../src/esi.c
 
Building target: esi
Invoking: GCC C Linker
gcc  -o "esi"  ./src/archivo.o ./src/cliente.o ./src/esi.o   -lcommons
Finished building target: esi
 
13:03:05 **** Build of configuration Debug for project instancia ****
make all 
Building file: ../src/cliente.c
Invoking: GCC C Compiler
gcc -O0 -g3 -Wall -c -fmessage-length=0 -MMD -MP -MF"src/cliente.d" -MT"src/cliente.o" -o "src/cliente.o" "../src/cliente.c"
Finished building: ../src/cliente.c
 
Building file: ../src/instancia.c
Invoking: GCC C Compiler
gcc -O0 -g3 -Wall -c -fmessage-length=0 -MMD -MP -MF"src/instancia.d" -MT"src/instancia.o" -o "src/instancia.o" "../src/instancia.c"
Finished building: ../src/instancia.c
 
Building target: instancia
Invoking: GCC C Linker
gcc  -o "instancia"  ./src/cliente.o ./src/instancia.o   -lcommons
Finished building target: instancia
 
13:03:05 **** Incremental Build of configuration Debug for project planificador ****
make all 
Building file: ../src/consola.c
Invoking: GCC C Compiler
gcc -O0 -g3 -Wall -c -fmessage-length=0 -MMD -MP -MF"src/consola.d" -MT"src/consola.o" -o "src/consola.o" "../src/consola.c"
Finished building: ../src/consola.c
 
Building target: planificador
Invoking: GCC C Linker
gcc  -o "planificador"  ./src/cliente.o ./src/consola.o ./src/planificador.o ./src/servidor.o   -lcommons -lpthread -lreadline
Finished building target: planificador
 
13:06:04 **** Clean-only build of configuration Debug for project coordinador ****
make clean 
rm -rf  ./src/coordinador.o ./src/servidor.o  ./src/coordinador.d ./src/servidor.d  coordinador
 
13:06:04 **** Clean-only build of configuration Debug for project esi ****
make clean 
rm -rf  ./src/archivo.o ./src/cliente.o ./src/esi.o  ./src/archivo.d ./src/cliente.d ./src/esi.d  esi
 
13:06:04 **** Clean-only build of configuration Debug for project instancia ****
make clean 
rm -rf  ./src/cliente.o ./src/instancia.o  ./src/cliente.d ./src/instancia.d  instancia
 
13:06:05 **** Clean-only build of configuration Debug for project planificador ****
make clean 
rm -rf  ./src/cliente.o ./src/consola.o ./src/planificador.o ./src/servidor.o  ./src/cliente.d ./src/consola.d ./src/planificador.d ./src/servidor.d  planificador
 
