12:21:37 **** Incremental Build of configuration Debug for project planificador ****
make all 
Building file: ../src/cliente.c
Invoking: GCC C Compiler
gcc -O0 -g3 -Wall -c -fmessage-length=0 -MMD -MP -MF"src/cliente.d" -MT"src/cliente.d" -o "src/cliente.o" "../src/cliente.c"
Finished building: ../src/cliente.c
 
Building file: ../src/funcionalidad_planificador.c
Invoking: GCC C Compiler
gcc -O0 -g3 -Wall -c -fmessage-length=0 -MMD -MP -MF"src/funcionalidad_planificador.d" -MT"src/funcionalidad_planificador.d" -o "src/funcionalidad_planificador.o" "../src/funcionalidad_planificador.c"
Finished building: ../src/funcionalidad_planificador.c
 
Building file: ../src/planificador.c
Invoking: GCC C Compiler
gcc -O0 -g3 -Wall -c -fmessage-length=0 -MMD -MP -MF"src/planificador.d" -MT"src/planificador.d" -o "src/planificador.o" "../src/planificador.c"
Finished building: ../src/planificador.c
 
Building file: ../src/servidor.c
Invoking: GCC C Compiler
gcc -O0 -g3 -Wall -c -fmessage-length=0 -MMD -MP -MF"src/servidor.d" -MT"src/servidor.d" -o "src/servidor.o" "../src/servidor.c"
../src/servidor.c: In function ‘levantar_servidor_planificador’:
../src/servidor.c:186:16: warning: pointer targets in passing argument 3 of ‘accept’ differ in signedness [-Wpointer-sign]
        (struct sockaddr *) &their_addr, &sin_size))
                ^
In file included from /usr/include/netinet/in.h:23:0,
                 from ../src/servidor.h:11,
                 from ../src/servidor.c:1:
/usr/include/i386-linux-gnu/sys/socket.h:243:12: note: expected ‘socklen_t * __restrict__’ but argument is of type ‘int *’
 extern int accept (int __fd, __SOCKADDR_ARG __addr,
            ^
Finished building: ../src/servidor.c
 
Building target: planificador
Invoking: GCC C Linker
gcc  -o "planificador"  ./src/cliente.o ./src/consola.o ./src/funcionalidad_planificador.o ./src/planificador.o ./src/servidor.o   -lcommons -lpthread -lreadline
Finished building target: planificador
 

12:21:38 Build Finished (took 411ms)

