[INFO] 10:35:08:740 tp-redistinto/(4885:4885): Empezamos.....
[INFO] 10:40:47:59 tp-redistinto/(4885:4965): ESI 1 GET e3:sony:juegos
[INFO] 10:40:47:60 tp-redistinto/(4885:4965): ESI 1 GET  => PLANIFICADOR INFORMA QUE SE REALIZO CORRECTAMENTE
[INFO] 10:40:47:60 tp-redistinto/(4885:4965): ESI 1 GET e3:microsoft:juegos
[INFO] 10:40:47:60 tp-redistinto/(4885:4965): ESI 1 GET  => PLANIFICADOR INFORMA QUE SE REALIZO CORRECTAMENTE
[INFO] 10:40:47:60 tp-redistinto/(4885:4965): ESI 1 SET e3:sony:juegos TLOU2
[INFO] 10:40:47:62 tp-redistinto/(4885:4965): ESI 1 SET  => INSTANCIA INFORMA SET REALIZADO CORRECTAMENTE
[INFO] 10:40:47:62 tp-redistinto/(4885:4965): ESI 1 SET e3:sony:juegos Spiderman
[INFO] 10:40:47:64 tp-redistinto/(4885:4965): ESI 1 SET  => INSTANCIA INFORMA SET REALIZADO CORRECTAMENTE
[INFO] 10:40:47:64 tp-redistinto/(4885:4965): ESI 1 SET e3:sony:juegos GhostOfTsushima
[INFO] 10:40:47:65 tp-redistinto/(4885:4965): ESI 1 SET  => INSTANCIA INFORMA SET REALIZADO CORRECTAMENTE
[INFO] 10:40:47:66 tp-redistinto/(4885:4965): ESI 1 SET e3:sony:juegos DeathStranding
[INFO] 10:40:47:67 tp-redistinto/(4885:4965): ESI 1 SET  => INSTANCIA INFORMA SET REALIZADO CORRECTAMENTE
[INFO] 10:40:47:67 tp-redistinto/(4885:4965): ESI 1 SET e3:sony:juegos ResidenEvil2Remake
[INFO] 10:40:47:69 tp-redistinto/(4885:4965): ESI 1 SET  => INSTANCIA INFORMA SET REALIZADO CORRECTAMENTE
[INFO] 10:40:47:69 tp-redistinto/(4885:4965): ESI 1 SET e3:sony:juegos Destiny2DLCForsaken
[INFO] 10:40:47:71 tp-redistinto/(4885:4965): ESI 1 SET  => INSTANCIA INFORMA SET REALIZADO CORRECTAMENTE
[INFO] 10:40:47:73 tp-redistinto/(4885:4965): ESI 1 SET e3:microsoft:juegos DLCCuphead
[INFO] 10:40:47:74 tp-redistinto/(4885:4965): ESI 1 SET  => INSTANCIA INFORMA SET REALIZADO CORRECTAMENTE
[INFO] 10:40:47:75 tp-redistinto/(4885:4965): ESI 1 SET e3:microsoft:juegos ForzaHorizon4
[INFO] 10:40:47:76 tp-redistinto/(4885:4965): ESI 1 SET  => INSTANCIA INFORMA SET REALIZADO CORRECTAMENTE
[INFO] 10:40:47:77 tp-redistinto/(4885:4965): ESI 1 SET e3:microsoft:juegos Gears5
[INFO] 10:40:47:78 tp-redistinto/(4885:4965): ESI 1 SET  => INSTANCIA INFORMA SET REALIZADO CORRECTAMENTE
[INFO] 10:40:47:78 tp-redistinto/(4885:4965): ESI 1 SET e3:microsoft:juegos MetroExodus
[INFO] 10:40:47:80 tp-redistinto/(4885:4965): ESI 1 SET  => INSTANCIA INFORMA SET REALIZADO CORRECTAMENTE
[INFO] 10:40:47:81 tp-redistinto/(4885:4965): ESI 1 SET e3:microsoft:juegos Fallout76
[INFO] 10:40:47:82 tp-redistinto/(4885:4965): ESI 1 SET  => INSTANCIA INFORMA SET REALIZADO CORRECTAMENTE
[INFO] 10:40:47:82 tp-redistinto/(4885:4965): ESI 1 SET e3:microsoft:juegos TheDivision2
[INFO] 10:40:47:84 tp-redistinto/(4885:4965): ESI 1 SET  => INSTANCIA INFORMA SET REALIZADO CORRECTAMENTE
[INFO] 10:40:47:85 tp-redistinto/(4885:4965): ESI 1 SET e3:microsoft:juegos DyingLight2
[INFO] 10:40:47:86 tp-redistinto/(4885:4965): ESI 1 SET  => INSTANCIA INFORMA SET REALIZADO CORRECTAMENTE
[INFO] 10:40:47:87 tp-redistinto/(4885:4965): ESI 1 SET e3:microsoft:juegos Crackdown3
[INFO] 10:40:47:89 tp-redistinto/(4885:4965): ESI 1 SET  => INSTANCIA INFORMA SET REALIZADO CORRECTAMENTE
[INFO] 10:40:47:93 tp-redistinto/(4885:4965): ESI 1 SET e3:microsoft:juegos HaloInfinite
[INFO] 10:40:47:94 tp-redistinto/(4885:4965): ESI 1 SET  => INSTANCIA INFORMA SET REALIZADO CORRECTAMENTE
[INFO] 10:40:47:95 tp-redistinto/(4885:4965): ESI 1 SET e3:microsoft:juegos KingdomHearts3
[INFO] 10:40:47:96 tp-redistinto/(4885:4965): ESI 1 SET  => INSTANCIA INFORMA SET REALIZADO CORRECTAMENTE
[INFO] 10:40:47:97 tp-redistinto/(4885:4965): ESI 1 STORE e3:microsoft:juegos
[INFO] 10:40:47:97 tp-redistinto/(4885:4965): ESI 1 STORE  => INSTANCIA INFORMA STORE REALIZADO CORRECTAMENTE
[INFO] 10:40:47:97 tp-redistinto/(4885:4965): ESI 1 STORE  => PLANIFICADOR INFORMA QUE SE REALIZO CORRECTAMENTE
[INFO] 10:40:47:98 tp-redistinto/(4885:4965): ESI 1 STORE e3:sony:juegos
[INFO] 10:40:47:98 tp-redistinto/(4885:4965): ESI 1 STORE  => INSTANCIA INFORMA STORE REALIZADO CORRECTAMENTE
[INFO] 10:40:47:99 tp-redistinto/(4885:4965): ESI 1 STORE  => PLANIFICADOR INFORMA QUE SE REALIZO CORRECTAMENTE
