[INFO] 23:01:26:878 tp-redistinto/(6728:6728): Empezamos.....
[INFO] 23:01:49:455 tp-redistinto/(6728:6743): GET 03232:32323

[INFO] 23:01:54:456 tp-redistinto/(6728:6743): SET 03232:32323 APA

[INFO] 23:01:59:456 tp-redistinto/(6728:6743): SET 03232:32323 IPA

[INFO] 23:02:04:457 tp-redistinto/(6728:6743): STORE 03232:32323
[INFO] 14:07:08:446 tp-redistinto/(6206:6206): Empezamos.....
[INFO] 14:17:41:478 tp-redistinto/(6567:6567): Empezamos.....
[INFO] 14:18:53:810 tp-redistinto/(6585:6585): Empezamos.....
[INFO] 14:20:33:512 tp-redistinto/(6694:6694): Empezamos.....
[INFO] 14:34:12:816 tp-redistinto/(7237:7237): Empezamos.....
[INFO] 14:37:47:525 tp-redistinto/(7237:7511): GET 03232:32323

[INFO] 14:37:52:531 tp-redistinto/(7237:7511): SET 03232:32323 APA

[INFO] 14:37:57:532 tp-redistinto/(7237:7511): SET 03232:32323 IPA

[INFO] 14:38:02:533 tp-redistinto/(7237:7511): STORE 03232:32323
[INFO] 14:47:56:728 tp-redistinto/(7848:7848): Empezamos.....
[INFO] 14:48:13:876 tp-redistinto/(7848:7855): GET 03232:32323

[INFO] 14:48:18:877 tp-redistinto/(7848:7855): SET 03232:32323 APA

[INFO] 14:48:23:881 tp-redistinto/(7848:7855): SET 03232:32323 IPA

[INFO] 14:48:28:881 tp-redistinto/(7848:7855): STORE 03232:32323
[INFO] 14:55:18:788 tp-redistinto/(7973:7973): Empezamos.....
[INFO] 14:57:56:342 tp-redistinto/(7973:8027): GET 03232:32323

[INFO] 14:58:01:343 tp-redistinto/(7973:8027): SET 03232:32323 APA

[INFO] 14:58:06:344 tp-redistinto/(7973:8027): SET 03232:32323 IPA

[INFO] 14:58:11:345 tp-redistinto/(7973:8027): STORE 03232:32323
[INFO] 14:58:31:427 tp-redistinto/(8128:8128): Empezamos.....
[INFO] 14:59:11:400 tp-redistinto/(8128:8147): GET 03232:32323

[INFO] 14:59:16:401 tp-redistinto/(8128:8147): SET 03232:32323 APA

[INFO] 14:59:21:402 tp-redistinto/(8128:8147): SET 03232:32323 IPA

[INFO] 14:59:26:402 tp-redistinto/(8128:8147): STORE 03232:32323
[INFO] 15:03:01:436 tp-redistinto/(8414:8414): Empezamos.....
[INFO] 15:03:46:231 tp-redistinto/(8414:8458): GET 03232:32323

[INFO] 15:03:51:232 tp-redistinto/(8414:8458): SET 03232:32323 APA

[INFO] 15:03:56:232 tp-redistinto/(8414:8458): SET 03232:32323 IPA

[INFO] 15:04:01:240 tp-redistinto/(8414:8458): STORE 03232:32323
[INFO] 15:04:53:370 tp-redistinto/(8414:8463): GET 03232:32323

[INFO] 15:04:58:371 tp-redistinto/(8414:8463): SET 03232:32323 APA

[INFO] 15:05:03:381 tp-redistinto/(8414:8463): SET 03232:32323 IPA

[INFO] 15:05:08:391 tp-redistinto/(8414:8463): STORE 03232:32323
[INFO] 15:21:55:982 tp-redistinto/(8760:8760): Empezamos.....
[INFO] 15:23:31:972 tp-redistinto/(8786:8786): Empezamos.....
[INFO] 15:27:45:168 tp-redistinto/(8858:8858): Empezamos.....
[INFO] 15:30:06:402 tp-redistinto/(9026:9026): Empezamos.....
[INFO] 15:33:24:320 tp-redistinto/(9300:9300): Empezamos.....
[INFO] 15:35:14:5 tp-redistinto/(9315:9315): Empezamos.....
[INFO] 15:40:18:90 tp-redistinto/(9352:9352): Empezamos.....
[INFO] 15:45:33:759 tp-redistinto/(9692:9692): Empezamos.....
[INFO] 15:48:49:424 tp-redistinto/(9845:9845): Empezamos.....
[INFO] 16:02:30:702 tp-redistinto/(10481:10481): Empezamos.....
[INFO] 16:08:36:61 tp-redistinto/(10481:10811): GET 03232:32323

[INFO] 16:08:41:63 tp-redistinto/(10481:10811): SET 03232:32323 APA

[INFO] 16:08:46:64 tp-redistinto/(10481:10811): SET 03232:32323 IPA

[INFO] 16:08:51:64 tp-redistinto/(10481:10811): STORE 03232:32323
[INFO] 16:36:29:853 tp-redistinto/(11305:11305): Empezamos.....
