[INFO] 20:56:45:78 tp0/(7863:7863): Creado xD

[INFO] 20:56:45:119 tp0/(7863:7863): Conectado!
[INFO] 20:56:45:122 tp0/(7863:7863): Recibimos el dato OK
[INFO] 20:56:45:125 tp0/(7863:7863): Son iguales :)
[INFO] 20:56:58:314 tp0/(7863:7863): Enviando info de Estudiante
[INFO] 20:56:58:316 tp0/(7863:7863): Estructura enviado correctamente!!
[INFO] 20:56:58:317 tp0/(7863:7863): Esperando el encabezado del contenido(8 bytes)
[INFO] 20:56:58:318 tp0/(7863:7863): Llego correctamente el header
[INFO] 20:56:58:318 tp0/(7863:7863): Esperando el contenido (30 bytes)
[INFO] 20:56:58:319 tp0/(7863:7863): Llego correctamente el contenido
[ERROR] 20:56:58:338 tp0/(7863:7863): Error: los MD5 no coinciden
[INFO] 21:08:05:518 tp0/(8139:8139): Creado xD

[INFO] 21:08:05:560 tp0/(8139:8139): Conectado!
[INFO] 21:08:05:562 tp0/(8139:8139): Recibimos el dato OK
[INFO] 21:08:05:565 tp0/(8139:8139): Son iguales :)
[INFO] 21:08:10:548 tp0/(8139:8139): Enviando info de Estudiante
[INFO] 21:08:10:551 tp0/(8139:8139): Estructura enviado correctamente!!
[INFO] 21:08:10:552 tp0/(8139:8139): Esperando el encabezado del contenido(8 bytes)
[INFO] 21:09:13:970 tp0/(8139:8139): Llego correctamente el header
[INFO] 21:09:13:971 tp0/(8139:8139): Esperando el contenido (29 bytes)
[INFO] 21:09:13:973 tp0/(8139:8139): Llego correctamente el contenido
[ERROR] 21:09:14:7 tp0/(8139:8139): Error: los MD5 no coinciden
[INFO] 21:15:40:610 tp0/(8372:8372): Creado xD

[INFO] 21:15:40:650 tp0/(8372:8372): Conectado!
[INFO] 21:15:40:654 tp0/(8372:8372): Recibimos el dato OK
[INFO] 21:15:40:657 tp0/(8372:8372): Son iguales :)
[INFO] 21:15:45:321 tp0/(8372:8372): Enviando info de Estudiante
[INFO] 21:15:45:326 tp0/(8372:8372): Estructura enviado correctamente!!
[INFO] 21:15:45:327 tp0/(8372:8372): Esperando el encabezado del contenido(8 bytes)
[INFO] 21:15:58:264 tp0/(8372:8372): Llego correctamente el header
[INFO] 21:15:58:265 tp0/(8372:8372): Esperando el contenido (30 bytes)
[INFO] 21:15:58:266 tp0/(8372:8372): Llego correctamente el contenido
[INFO] 21:15:58:285 tp0/(8372:8372): Los MD5 concidieron!
[INFO] 21:28:23:162 tp0/(8760:8760): Creado xD

[INFO] 21:28:23:204 tp0/(8760:8760): Conectado!
[INFO] 21:28:28:989 tp0/(8760:8760): Recibimos el dato OK
[INFO] 21:28:28:993 tp0/(8760:8760): Son iguales :)
[INFO] 21:28:40:429 tp0/(8760:8760): Enviando info de Estudiante
[INFO] 21:28:40:430 tp0/(8760:8760): Estructura enviado correctamente!!
[INFO] 21:28:40:431 tp0/(8760:8760): Esperando el encabezado del contenido(8 bytes)
[INFO] 21:28:40:433 tp0/(8760:8760): Llego correctamente el header
[INFO] 21:28:40:433 tp0/(8760:8760): Esperando el contenido (30 bytes)
[INFO] 21:28:40:434 tp0/(8760:8760): Llego correctamente el contenido
[INFO] 21:28:40:451 tp0/(8760:8760): Los MD5 concidieron!
[INFO] 21:32:24:58 tp0/(8877:8877): Creado xD

[INFO] 21:32:25:99 tp0/(8877:8877): Conectado!
[INFO] 21:32:25:102 tp0/(8877:8877): Recibimos el dato OK
[INFO] 21:32:25:105 tp0/(8877:8877): Son iguales :)
[INFO] 21:32:28:521 tp0/(8877:8877): Enviando info de Estudiante
[INFO] 21:32:28:523 tp0/(8877:8877): Estructura enviado correctamente!!
[INFO] 21:32:28:524 tp0/(8877:8877): Esperando el encabezado del contenido(8 bytes)
[INFO] 21:32:28:525 tp0/(8877:8877): Llego correctamente el header
[INFO] 21:32:28:526 tp0/(8877:8877): Esperando el contenido (30 bytes)
[INFO] 21:32:28:527 tp0/(8877:8877): Llego correctamente el contenido
[INFO] 21:32:28:547 tp0/(8877:8877): Los MD5 concidieron!
[INFO] 21:34:02:616 tp0/(9002:9002): Creado xD

[INFO] 21:34:02:657 tp0/(9002:9002): Conectado!
[INFO] 21:34:02:660 tp0/(9002:9002): Recibimos el dato OK
[INFO] 21:34:02:663 tp0/(9002:9002): Son iguales :)
[INFO] 21:34:05:791 tp0/(9002:9002): Enviando info de Estudiante
[INFO] 21:34:05:793 tp0/(9002:9002): Estructura enviado correctamente!!
[INFO] 21:34:05:794 tp0/(9002:9002): Esperando el encabezado del contenido(8 bytes)
[INFO] 21:34:05:795 tp0/(9002:9002): Llego correctamente el header
[INFO] 21:34:05:796 tp0/(9002:9002): Esperando el contenido (30 bytes)
[INFO] 21:34:05:797 tp0/(9002:9002): Llego correctamente el contenido
[INFO] 21:34:05:814 tp0/(9002:9002): Los MD5 concidieron!
[INFO] 21:38:00:57 tp0/(9189:9189): Creado xD

[INFO] 21:38:01:98 tp0/(9189:9189): Conectado!
[INFO] 21:38:01:101 tp0/(9189:9189): Recibimos el dato OK
[INFO] 21:38:01:103 tp0/(9189:9189): Son iguales :)
[INFO] 21:38:05:798 tp0/(9189:9189): Enviando info de Estudiante
[INFO] 21:38:05:800 tp0/(9189:9189): Estructura enviado correctamente!!
[INFO] 21:38:05:801 tp0/(9189:9189): Esperando el encabezado del contenido(8 bytes)
[INFO] 21:38:05:802 tp0/(9189:9189): Llego correctamente el header
[INFO] 21:38:05:802 tp0/(9189:9189): Esperando el contenido (30 bytes)
[INFO] 21:38:05:803 tp0/(9189:9189): Llego correctamente el contenido
[INFO] 21:38:05:822 tp0/(9189:9189): Los MD5 concidieron!
[INFO] 21:40:11:512 tp0/(9298:9298): Creado xD

[INFO] 21:40:11:554 tp0/(9298:9298): Conectado!
[INFO] 21:40:14:604 tp0/(9298:9298): Recibimos el dato OK
[INFO] 21:40:14:607 tp0/(9298:9298): Son iguales :)
[INFO] 21:40:19:261 tp0/(9298:9298): Enviando info de Estudiante
[INFO] 21:40:19:262 tp0/(9298:9298): Estructura enviado correctamente!!
[INFO] 21:40:19:263 tp0/(9298:9298): Esperando el encabezado del contenido(8 bytes)
[INFO] 21:40:19:265 tp0/(9298:9298): Llego correctamente el header
[INFO] 21:40:19:265 tp0/(9298:9298): Esperando el contenido (30 bytes)
[INFO] 21:40:19:266 tp0/(9298:9298): Llego correctamente el contenido
[INFO] 21:40:19:284 tp0/(9298:9298): Los MD5 concidieron!
[INFO] 21:46:11:713 tp0/(9464:9464): Creado xD

[INFO] 21:46:11:753 tp0/(9464:9464): Conectado!
[INFO] 21:46:11:764 tp0/(9464:9464): Recibimos el dato OK
[INFO] 21:46:11:767 tp0/(9464:9464): Son iguales :)
[INFO] 21:46:18:32 tp0/(9464:9464): Enviando info de Estudiante
[INFO] 21:46:18:33 tp0/(9464:9464): Estructura enviado correctamente!!
[INFO] 21:46:18:34 tp0/(9464:9464): Esperando el encabezado del contenido(8 bytes)
[INFO] 21:46:18:38 tp0/(9464:9464): Llego correctamente el header
[INFO] 21:46:18:38 tp0/(9464:9464): Esperando el contenido (30 bytes)
[INFO] 21:46:18:39 tp0/(9464:9464): Llego correctamente el contenido
[INFO] 21:46:18:77 tp0/(9464:9464): Los MD5 concidieron!
[INFO] 22:16:26:764 tp0/(10189:10189): Creado xD

[INFO] 22:16:26:805 tp0/(10189:10189): Conectado!
[INFO] 22:16:26:807 tp0/(10189:10189): Recibimos el dato OK
[INFO] 22:16:26:810 tp0/(10189:10189): Son iguales :)
[INFO] 22:16:34:689 tp0/(10189:10189): Enviando info de Estudiante
[INFO] 22:16:34:690 tp0/(10189:10189): Estructura enviado correctamente!!
[INFO] 22:16:34:691 tp0/(10189:10189): Esperando el encabezado del contenido(8 bytes)
[INFO] 22:16:34:692 tp0/(10189:10189): Llego correctamente el header
[INFO] 22:16:34:693 tp0/(10189:10189): Esperando el contenido (10 bytes)
[INFO] 22:16:34:694 tp0/(10189:10189): Llego correctamente el contenido
[INFO] 22:16:34:713 tp0/(10189:10189): Los MD5 concidieron!
[INFO] 22:41:27:355 tp0/(10747:10747): Creado xD

[INFO] 22:41:27:396 tp0/(10747:10747): Conectado!
[INFO] 22:41:27:399 tp0/(10747:10747): Recibimos el dato OK
[INFO] 22:41:27:402 tp0/(10747:10747): Son iguales :)
[INFO] 22:41:32:199 tp0/(10747:10747): Enviando info de Estudiante
[INFO] 22:41:32:201 tp0/(10747:10747): Estructura enviado correctamente!!
[INFO] 22:41:32:202 tp0/(10747:10747): Esperando el encabezado del contenido(8 bytes)
[INFO] 22:41:32:203 tp0/(10747:10747): Llego correctamente el header
[INFO] 22:41:32:204 tp0/(10747:10747): Esperando el contenido (10 bytes)
[INFO] 22:41:32:204 tp0/(10747:10747): Llego correctamente el contenido
[INFO] 22:41:32:224 tp0/(10747:10747): Los MD5 concidieron!
[INFO] 22:48:20:548 tp0/(11011:11011): Creado xD

[INFO] 22:48:20:590 tp0/(11011:11011): Conectado!
[INFO] 22:48:20:593 tp0/(11011:11011): Recibimos el dato OK
[INFO] 22:48:20:596 tp0/(11011:11011): Son iguales :)
[INFO] 22:48:25:614 tp0/(11011:11011): Enviando info de Estudiante
[INFO] 22:48:25:615 tp0/(11011:11011): Estructura enviado correctamente!!
[INFO] 22:48:25:616 tp0/(11011:11011): Esperando el encabezado del contenido(8 bytes)
[INFO] 22:48:25:618 tp0/(11011:11011): Llego correctamente el header
[INFO] 22:48:25:618 tp0/(11011:11011): Esperando el contenido (11 bytes)
[INFO] 22:48:25:619 tp0/(11011:11011): Llego correctamente el contenido
[INFO] 22:48:25:640 tp0/(11011:11011): Los MD5 concidieron!
[INFO] 22:52:01:159 tp0/(11163:11163): Creado xD

[INFO] 22:52:01:202 tp0/(11163:11163): Conectado!
[INFO] 22:52:05:66 tp0/(11163:11163): Recibimos el dato OK
[INFO] 22:52:05:69 tp0/(11163:11163): Son iguales :)
[INFO] 22:52:13:669 tp0/(11163:11163): Enviando info de Estudiante
[INFO] 22:52:13:672 tp0/(11163:11163): Estructura enviado correctamente!!
[INFO] 22:52:13:672 tp0/(11163:11163): Esperando el encabezado del contenido(8 bytes)
[INFO] 22:52:13:674 tp0/(11163:11163): Llego correctamente el header
[INFO] 22:52:13:674 tp0/(11163:11163): Esperando el contenido (11 bytes)
[INFO] 22:52:13:675 tp0/(11163:11163): Llego correctamente el contenido
[INFO] 22:52:13:695 tp0/(11163:11163): Los MD5 concidieron!
[INFO] 22:54:16:327 tp0/(11279:11279): Creado xD

[INFO] 22:54:16:368 tp0/(11279:11279): Conectado!
[INFO] 22:54:16:371 tp0/(11279:11279): Recibimos el dato OK
[INFO] 22:54:16:374 tp0/(11279:11279): Son iguales :)
[INFO] 22:54:19:711 tp0/(11279:11279): Enviando info de Estudiante
[INFO] 22:54:19:712 tp0/(11279:11279): Estructura enviado correctamente!!
[INFO] 22:54:19:713 tp0/(11279:11279): Esperando el encabezado del contenido(8 bytes)
[INFO] 22:54:19:714 tp0/(11279:11279): Llego correctamente el header
[INFO] 22:54:19:715 tp0/(11279:11279): Esperando el contenido (11 bytes)
[INFO] 22:54:19:715 tp0/(11279:11279): Llego correctamente el contenido
[INFO] 22:54:19:735 tp0/(11279:11279): Los MD5 concidieron!
[INFO] 23:00:08:21 tp0/(11439:11439): Creado xD

[INFO] 23:00:09:64 tp0/(11439:11439): Conectado!
[INFO] 23:00:09:67 tp0/(11439:11439): Recibimos el dato OK
[INFO] 23:00:09:70 tp0/(11439:11439): Son iguales :)
[INFO] 23:00:13:536 tp0/(11439:11439): Enviando info de Estudiante
[INFO] 23:00:13:538 tp0/(11439:11439): Estructura enviado correctamente!!
[INFO] 23:00:13:539 tp0/(11439:11439): Esperando el encabezado del contenido(8 bytes)
[INFO] 23:00:13:540 tp0/(11439:11439): Llego correctamente el header
[INFO] 23:00:13:541 tp0/(11439:11439): Esperando el contenido (11 bytes)
[INFO] 23:00:13:541 tp0/(11439:11439): Llego correctamente el contenido
[INFO] 23:00:13:561 tp0/(11439:11439): Los MD5 concidieron!
[INFO] 23:01:32:50 tp0/(11482:11482): Creado xD

[INFO] 23:01:33:105 tp0/(11482:11482): Conectado!
[INFO] 23:01:43:216 tp0/(11482:11482): Recibimos el dato OK
[INFO] 23:01:43:220 tp0/(11482:11482): Son iguales :)
[INFO] 23:01:50:834 tp0/(11482:11482): Enviando info de Estudiante
[INFO] 23:01:50:836 tp0/(11482:11482): Estructura enviado correctamente!!
[INFO] 23:01:50:837 tp0/(11482:11482): Esperando el encabezado del contenido(8 bytes)
[INFO] 23:01:50:838 tp0/(11482:11482): Llego correctamente el header
[INFO] 23:01:50:838 tp0/(11482:11482): Esperando el contenido (11 bytes)
[INFO] 23:01:50:839 tp0/(11482:11482): Llego correctamente el contenido
[INFO] 23:01:50:860 tp0/(11482:11482): Los MD5 concidieron!
[INFO] 23:05:06:877 tp0/(11562:11562): Creado xD

[INFO] 23:05:06:919 tp0/(11562:11562): Conectado!
[INFO] 23:05:06:922 tp0/(11562:11562): Recibimos el dato OK
[INFO] 23:05:06:925 tp0/(11562:11562): Son iguales :)
[INFO] 23:05:11:217 tp0/(11562:11562): Enviando info de Estudiante
[INFO] 23:05:11:219 tp0/(11562:11562): Estructura enviado correctamente!!
[INFO] 23:05:11:220 tp0/(11562:11562): Esperando el encabezado del contenido(8 bytes)
[INFO] 23:05:11:221 tp0/(11562:11562): Llego correctamente el header
[INFO] 23:05:11:222 tp0/(11562:11562): Esperando el contenido (11 bytes)
[INFO] 23:05:11:222 tp0/(11562:11562): Llego correctamente el contenido
[ERROR] 23:05:11:245 tp0/(11562:11562): Error: los MD5 no coinciden
[INFO] 23:06:43:469 tp0/(11787:11787): Creado xD

[INFO] 23:06:43:510 tp0/(11787:11787): Conectado!
[INFO] 23:06:43:514 tp0/(11787:11787): Recibimos el dato OK
[INFO] 23:06:43:517 tp0/(11787:11787): Son iguales :)
[INFO] 23:07:35:569 tp0/(11787:11787): Enviando info de Estudiante
[INFO] 23:07:35:571 tp0/(11787:11787): Estructura enviado correctamente!!
[INFO] 23:07:35:572 tp0/(11787:11787): Esperando el encabezado del contenido(8 bytes)
[INFO] 23:07:35:573 tp0/(11787:11787): Llego correctamente el header
[INFO] 23:07:35:573 tp0/(11787:11787): Esperando el contenido (11 bytes)
[INFO] 23:07:35:574 tp0/(11787:11787): Llego correctamente el contenido
[INFO] 23:07:35:597 tp0/(11787:11787): Los MD5 concidieron!
[INFO] 23:09:47:175 tp0/(11909:11909): Creado xD

[INFO] 23:09:47:217 tp0/(11909:11909): Conectado!
[INFO] 23:09:47:220 tp0/(11909:11909): Recibimos el dato OK
[INFO] 23:09:47:223 tp0/(11909:11909): Son iguales :)
[INFO] 23:09:49:922 tp0/(11909:11909): Enviando info de Estudiante
[INFO] 23:09:49:923 tp0/(11909:11909): Estructura enviado correctamente!!
[INFO] 23:09:49:924 tp0/(11909:11909): Esperando el encabezado del contenido(8 bytes)
[INFO] 23:09:49:925 tp0/(11909:11909): Llego correctamente el header
[INFO] 23:09:49:926 tp0/(11909:11909): Esperando el contenido (11 bytes)
[INFO] 23:09:49:927 tp0/(11909:11909): Llego correctamente el contenido
[INFO] 23:09:49:944 tp0/(11909:11909): Los MD5 concidieron!
[INFO] 23:12:36:95 tp0/(11975:11975): Creado xD

[INFO] 23:12:36:136 tp0/(11975:11975): Conectado!
[INFO] 23:12:36:145 tp0/(11975:11975): Recibimos el dato OK
[INFO] 23:12:36:148 tp0/(11975:11975): Son iguales :)
[INFO] 23:12:39:848 tp0/(11975:11975): Enviando info de Estudiante
[INFO] 23:12:39:852 tp0/(11975:11975): Estructura enviado correctamente!!
[INFO] 23:12:39:853 tp0/(11975:11975): Esperando el encabezado del contenido(8 bytes)
[INFO] 23:12:39:855 tp0/(11975:11975): Llego correctamente el header
[INFO] 23:12:39:856 tp0/(11975:11975): Esperando el contenido (11 bytes)
[INFO] 23:12:39:857 tp0/(11975:11975): Llego correctamente el contenido
[INFO] 23:12:39:900 tp0/(11975:11975): Los MD5 concidieron!
[INFO] 23:20:18:212 tp0/(12209:12209): Creado xD

[INFO] 23:20:18:254 tp0/(12209:12209): Conectado!
[INFO] 23:20:18:262 tp0/(12209:12209): Recibimos el dato OK
[INFO] 23:20:18:265 tp0/(12209:12209): Son iguales :)
[INFO] 23:20:21:28 tp0/(12209:12209): Enviando info de Estudiante
[INFO] 23:20:21:29 tp0/(12209:12209): Estructura enviado correctamente!!
[INFO] 23:20:21:30 tp0/(12209:12209): Esperando el encabezado del contenido(8 bytes)
[INFO] 23:20:21:35 tp0/(12209:12209): Llego correctamente el header
[INFO] 23:20:21:35 tp0/(12209:12209): Esperando el contenido (11 bytes)
[INFO] 23:20:21:36 tp0/(12209:12209): Llego correctamente el contenido
[INFO] 23:20:21:73 tp0/(12209:12209): Los MD5 concidieron!
[INFO] 23:31:34:174 tp0/(12602:12602): Creado xD

[INFO] 23:31:34:216 tp0/(12602:12602): Conectado!
[INFO] 23:31:34:224 tp0/(12602:12602): Recibimos el dato OK
[INFO] 23:31:34:227 tp0/(12602:12602): Son iguales :)
[INFO] 23:31:37:122 tp0/(12602:12602): Enviando info de Estudiante
[INFO] 23:31:37:123 tp0/(12602:12602): Estructura enviado correctamente!!
[INFO] 23:31:37:124 tp0/(12602:12602): Esperando el encabezado del contenido(8 bytes)
[INFO] 23:31:37:129 tp0/(12602:12602): Llego correctamente el header
[INFO] 23:31:37:129 tp0/(12602:12602): Esperando el contenido (14 bytes)
[INFO] 23:31:37:130 tp0/(12602:12602): Llego correctamente el contenido
[INFO] 23:31:37:167 tp0/(12602:12602): Los MD5 concidieron!
[INFO] 23:38:29:102 tp0/(12756:12756): Creado xD

[INFO] 23:38:29:146 tp0/(12756:12756): Conectado!
[INFO] 23:38:29:157 tp0/(12756:12756): Recibimos el dato OK
[INFO] 23:38:29:160 tp0/(12756:12756): Son iguales :)
[INFO] 23:38:34:158 tp0/(12756:12756): Enviando info de Estudiante
[INFO] 23:38:34:163 tp0/(12756:12756): Estructura enviado correctamente!!
[INFO] 23:38:34:164 tp0/(12756:12756): Esperando el encabezado del contenido(8 bytes)
[INFO] 23:38:34:165 tp0/(12756:12756): Llego correctamente el header
[INFO] 23:38:34:166 tp0/(12756:12756): Esperando el contenido (14 bytes)
[INFO] 23:38:34:166 tp0/(12756:12756): Llego correctamente el contenido
[INFO] 23:38:34:201 tp0/(12756:12756): Los MD5 concidieron!
